#
# There is insufficient memory for the Java Runtime Environment to continue.
# Native memory allocation (malloc) failed to allocate 193776 bytes for Chunk::new
# Possible reasons:
#   The system is out of physical RAM or swap space
#   In 32 bit mode, the process size limit was hit
# Possible solutions:
#   Reduce memory load on the system
#   Increase physical memory or swap space
#   Check if swap backing store is full
#   Use 64 bit Java on a 64 bit OS
#   Decrease Java heap size (-Xmx/-Xms)
#   Decrease number of Java threads
#   Decrease Java thread stack sizes (-Xss)
#   Set larger code cache with -XX:ReservedCodeCacheSize=
# This output file may be truncated or incomplete.
#
#  Out of Memory Error (allocation.cpp:390), pid=13140, tid=11584
#
# JRE version: Java(TM) SE Runtime Environment (8.0_31-b13) (build 1.8.0_31-b13)
# Java VM: Java HotSpot(TM) 64-Bit Server VM (25.31-b07 mixed mode windows-amd64 compressed oops)
# Failed to write core dump. Minidumps are not enabled by default on client versions of Windows
#

---------------  T H R E A D  ---------------

Current thread (0x0000000017c44800):  JavaThread "C2 CompilerThread0" daemon [_thread_in_native, id=11584, stack(0x00000000181c0000,0x00000000182c0000)]

Stack: [0x00000000181c0000,0x00000000182c0000]
Native frames: (J=compiled Java code, j=interpreted, Vv=VM code, C=native code)
V  [jvm.dll+0x3169ba]


Current CompileTask:
C2:   9587 2207       4       com.android.dx.rop.code.RegisterSpecSet::withOffset (77 bytes)


---------------  P R O C E S S  ---------------

Java Threads: ( => current thread )
  0x0000000017ecf800 JavaThread "pool-1-thread-1" [_thread_in_Java, id=3672, stack(0x000000001c5e0000,0x000000001c6e0000)]
  0x0000000017ce4800 JavaThread "Service Thread" daemon [_thread_blocked, id=8036, stack(0x00000000185c0000,0x00000000186c0000)]
  0x0000000017c5c000 JavaThread "C1 CompilerThread3" daemon [_thread_blocked, id=8660, stack(0x00000000184c0000,0x00000000185c0000)]
  0x0000000017c59800 JavaThread "C2 CompilerThread2" daemon [_thread_blocked, id=10976, stack(0x00000000183c0000,0x00000000184c0000)]
  0x0000000017c51800 JavaThread "C2 CompilerThread1" daemon [_thread_in_native, id=9052, stack(0x00000000182c0000,0x00000000183c0000)]
=>0x0000000017c44800 JavaThread "C2 CompilerThread0" daemon [_thread_in_native, id=11584, stack(0x00000000181c0000,0x00000000182c0000)]
  0x0000000017c43000 JavaThread "Attach Listener" daemon [_thread_blocked, id=3892, stack(0x00000000180c0000,0x00000000181c0000)]
  0x0000000017c42800 JavaThread "Signal Dispatcher" daemon [_thread_blocked, id=7492, stack(0x0000000017fc0000,0x00000000180c0000)]
  0x00000000030d9000 JavaThread "Finalizer" daemon [_thread_blocked, id=532, stack(0x0000000017ac0000,0x0000000017bc0000)]
  0x0000000015bfc000 JavaThread "Reference Handler" daemon [_thread_blocked, id=11844, stack(0x00000000179c0000,0x0000000017ac0000)]
  0x000000000143e000 JavaThread "main" [_thread_blocked, id=3616, stack(0x0000000002ee0000,0x0000000002fe0000)]

Other Threads:
  0x0000000015bf8000 VMThread [stack: 0x00000000178c0000,0x00000000179c0000] [id=6392]
  0x0000000017ce5800 WatcherThread [stack: 0x00000000186c0000,0x00000000187c0000] [id=6164]

VM state:not at safepoint (normal execution)

VM Mutex/Monitor currently owned by a thread: None

Heap:
 PSYoungGen      total 71680K, used 6067K [0x00000000eab00000, 0x00000000ef600000, 0x0000000100000000)
  eden space 66560K, 1% used [0x00000000eab00000,0x00000000eabf1ad0,0x00000000eec00000)
  from space 5120K, 99% used [0x00000000eec00000,0x00000000ef0fb498,0x00000000ef100000)
  to   space 5120K, 0% used [0x00000000ef100000,0x00000000ef100000,0x00000000ef600000)
 ParOldGen       total 87552K, used 13142K [0x00000000c0000000, 0x00000000c5580000, 0x00000000eab00000)
  object space 87552K, 15% used [0x00000000c0000000,0x00000000c0cd5a38,0x00000000c5580000)
 Metaspace       used 6654K, capacity 7384K, committed 7680K, reserved 1056768K
  class space    used 633K, capacity 656K, committed 768K, reserved 1048576K

Card table byte_map: [0x00000000124a0000,0x00000000126b0000] byte_map_base: 0x0000000011ea0000

Marking Bits: (ParMarkBitMap*) 0x0000000064ebd4f0
 Begin Bits: [0x0000000013010000, 0x0000000014010000)
 End Bits:   [0x0000000014010000, 0x0000000015010000)

Polling page: 0x00000000013c0000

CodeCache: size=245760Kb used=8645Kb max_used=8645Kb free=237114Kb
 bounds [0x00000000030e0000, 0x0000000003960000, 0x00000000120e0000]
 total_blobs=2413 nmethods=2144 adapters=180
 compilation: enabled

Compilation events (10 events):
Event: 9.485 Thread 0x0000000017c5c000 2212       3       com.android.dx.dex.code.DalvInsn::expandedSuffix (40 bytes)
Event: 9.487 Thread 0x0000000017c5c000 nmethod 2212 0x000000000394de10 code [0x000000000394dfe0, 0x000000000394e838]
Event: 9.493 Thread 0x0000000017c59800 nmethod 2197 0x0000000003954e10 code [0x0000000003955000, 0x0000000003955660]
Event: 9.493 Thread 0x0000000017c59800 2209       4       com.android.dx.dex.code.CstInsn::setClassIndex (37 bytes)
Event: 9.495 Thread 0x0000000017c59800 nmethod 2209 0x00000000038c58d0 code [0x00000000038c5a00, 0x00000000038c5a98]
Event: 9.499 Thread 0x0000000017c59800 2213 %     4       com.android.dx.dex.code.OutputFinisher::align64bits @ 44 (247 bytes)
Event: 9.501 Thread 0x0000000017c5c000 2215       3       com.android.dx.dex.code.form.Form10t::isCompatible (41 bytes)
Event: 9.504 Thread 0x0000000017c5c000 nmethod 2215 0x0000000003953710 code [0x0000000003953920, 0x0000000003954918]
Event: 9.541 Thread 0x0000000017c59800 nmethod 2213% 0x0000000003958010 code [0x00000000039581e0, 0x0000000003958be0]
Event: 9.542 Thread 0x0000000017c59800 2214 %     4       com.android.dx.dex.code.DalvInsnList::makeImmutable @ 18 (51 bytes)

GC Heap History (6 events):
Event: 3.651 GC heap before
{Heap before GC invocations=1 (full 0):
 PSYoungGen      total 38400K, used 33280K [0x00000000eab00000, 0x00000000ed580000, 0x0000000100000000)
  eden space 33280K, 100% used [0x00000000eab00000,0x00000000ecb80000,0x00000000ecb80000)
  from space 5120K, 0% used [0x00000000ed080000,0x00000000ed080000,0x00000000ed580000)
  to   space 5120K, 0% used [0x00000000ecb80000,0x00000000ecb80000,0x00000000ed080000)
 ParOldGen       total 87552K, used 0K [0x00000000c0000000, 0x00000000c5580000, 0x00000000eab00000)
  object space 87552K, 0% used [0x00000000c0000000,0x00000000c0000000,0x00000000c5580000)
 Metaspace       used 5950K, capacity 6896K, committed 7040K, reserved 1056768K
  class space    used 590K, capacity 616K, committed 640K, reserved 1048576K
Event: 3.697 GC heap after
Heap after GC invocations=1 (full 0):
 PSYoungGen      total 38400K, used 5119K [0x00000000eab00000, 0x00000000ef600000, 0x0000000100000000)
  eden space 33280K, 0% used [0x00000000eab00000,0x00000000eab00000,0x00000000ecb80000)
  from space 5120K, 99% used [0x00000000ecb80000,0x00000000ed07fd00,0x00000000ed080000)
  to   space 5120K, 0% used [0x00000000ef100000,0x00000000ef100000,0x00000000ef600000)
 ParOldGen       total 87552K, used 769K [0x00000000c0000000, 0x00000000c5580000, 0x00000000eab00000)
  object space 87552K, 0% used [0x00000000c0000000,0x00000000c00c05f0,0x00000000c5580000)
 Metaspace       used 5950K, capacity 6896K, committed 7040K, reserved 1056768K
  class space    used 590K, capacity 616K, committed 640K, reserved 1048576K
}
Event: 5.174 GC heap before
{Heap before GC invocations=2 (full 0):
 PSYoungGen      total 38400K, used 38399K [0x00000000eab00000, 0x00000000ef600000, 0x0000000100000000)
  eden space 33280K, 100% used [0x00000000eab00000,0x00000000ecb80000,0x00000000ecb80000)
  from space 5120K, 99% used [0x00000000ecb80000,0x00000000ed07fd00,0x00000000ed080000)
  to   space 5120K, 0% used [0x00000000ef100000,0x00000000ef100000,0x00000000ef600000)
 ParOldGen       total 87552K, used 769K [0x00000000c0000000, 0x00000000c5580000, 0x00000000eab00000)
  object space 87552K, 0% used [0x00000000c0000000,0x00000000c00c05f0,0x00000000c5580000)
 Metaspace       used 6199K, capacity 7088K, committed 7296K, reserved 1056768K
  class space    used 593K, capacity 616K, committed 640K, reserved 1048576K
Event: 5.368 GC heap after
Heap after GC invocations=2 (full 0):
 PSYoungGen      total 71680K, used 5104K [0x00000000eab00000, 0x00000000ef600000, 0x0000000100000000)
  eden space 66560K, 0% used [0x00000000eab00000,0x00000000eab00000,0x00000000eec00000)
  from space 5120K, 99% used [0x00000000ef100000,0x00000000ef5fc288,0x00000000ef600000)
  to   space 5120K, 0% used [0x00000000eec00000,0x00000000eec00000,0x00000000ef100000)
 ParOldGen       total 87552K, used 5128K [0x00000000c0000000, 0x00000000c5580000, 0x00000000eab00000)
  object space 87552K, 5% used [0x00000000c0000000,0x00000000c05021d8,0x00000000c5580000)
 Metaspace       used 6199K, capacity 7088K, committed 7296K, reserved 1056768K
  class space    used 593K, capacity 616K, committed 640K, reserved 1048576K
}
Event: 9.398 GC heap before
{Heap before GC invocations=3 (full 0):
 PSYoungGen      total 71680K, used 71664K [0x00000000eab00000, 0x00000000ef600000, 0x0000000100000000)
  eden space 66560K, 100% used [0x00000000eab00000,0x00000000eec00000,0x00000000eec00000)
  from space 5120K, 99% used [0x00000000ef100000,0x00000000ef5fc288,0x00000000ef600000)
  to   space 5120K, 0% used [0x00000000eec00000,0x00000000eec00000,0x00000000ef100000)
 ParOldGen       total 87552K, used 5128K [0x00000000c0000000, 0x00000000c5580000, 0x00000000eab00000)
  object space 87552K, 5% used [0x00000000c0000000,0x00000000c05021d8,0x00000000c5580000)
 Metaspace       used 6642K, capacity 7384K, committed 7680K, reserved 1056768K
  class space    used 633K, capacity 656K, committed 768K, reserved 1048576K
Event: 9.442 GC heap after
Heap after GC invocations=3 (full 0):
 PSYoungGen      total 71680K, used 5101K [0x00000000eab00000, 0x00000000ef600000, 0x0000000100000000)
  eden space 66560K, 0% used [0x00000000eab00000,0x00000000eab00000,0x00000000eec00000)
  from space 5120K, 99% used [0x00000000eec00000,0x00000000ef0fb498,0x00000000ef100000)
  to   space 5120K, 0% used [0x00000000ef100000,0x00000000ef100000,0x00000000ef600000)
 ParOldGen       total 87552K, used 13142K [0x00000000c0000000, 0x00000000c5580000, 0x00000000eab00000)
  object space 87552K, 15% used [0x00000000c0000000,0x00000000c0cd5a38,0x00000000c5580000)
 Metaspace       used 6642K, capacity 7384K, committed 7680K, reserved 1056768K
  class space    used 633K, capacity 656K, committed 768K, reserved 1048576K
}

Deoptimization events (10 events):
Event: 8.134 Thread 0x0000000017ecf800 Uncommon trap: reason=class_check action=maybe_recompile pc=0x000000000358fec8 method=java.util.Arrays.hashCode([Ljava/lang/Object;)I @ 43
Event: 8.159 Thread 0x0000000017ecf800 Uncommon trap: reason=class_check action=maybe_recompile pc=0x00000000035b59e4 method=java.util.HashMap.putVal(ILjava/lang/Object;Ljava/lang/Object;ZZ)Ljava/lang/Object; @ 203
Event: 8.616 Thread 0x0000000017ecf800 Uncommon trap: reason=speculate_class_check action=maybe_recompile pc=0x000000000342ac08 method=com.android.dx.util.FixedSizeList.equals(Ljava/lang/Object;)Z @ 25
Event: 8.616 Thread 0x0000000017ecf800 Uncommon trap: reason=class_check action=maybe_recompile pc=0x000000000340aac4 method=java.util.Arrays.equals([Ljava/lang/Object;[Ljava/lang/Object;)Z @ 62
Event: 8.616 Thread 0x0000000017ecf800 Uncommon trap: reason=speculate_class_check action=maybe_recompile pc=0x000000000342ac08 method=com.android.dx.util.FixedSizeList.equals(Ljava/lang/Object;)Z @ 25
Event: 8.616 Thread 0x0000000017ecf800 Uncommon trap: reason=class_check action=maybe_recompile pc=0x000000000340aac4 method=java.util.Arrays.equals([Ljava/lang/Object;[Ljava/lang/Object;)Z @ 62
Event: 8.616 Thread 0x0000000017ecf800 Uncommon trap: reason=speculate_class_check action=maybe_recompile pc=0x000000000342ac08 method=com.android.dx.util.FixedSizeList.equals(Ljava/lang/Object;)Z @ 25
Event: 8.689 Thread 0x0000000017ecf800 Uncommon trap: reason=speculate_class_check action=maybe_recompile pc=0x000000000342ac08 method=com.android.dx.util.FixedSizeList.equals(Ljava/lang/Object;)Z @ 25
Event: 8.689 Thread 0x0000000017ecf800 Uncommon trap: reason=class_check action=maybe_recompile pc=0x000000000340aac4 method=java.util.Arrays.equals([Ljava/lang/Object;[Ljava/lang/Object;)Z @ 62
Event: 8.689 Thread 0x0000000017ecf800 Uncommon trap: reason=class_check action=maybe_recompile pc=0x000000000340aac4 method=java.util.Arrays.equals([Ljava/lang/Object;[Ljava/lang/Object;)Z @ 62

Internal exceptions (10 events):
Event: 8.550 Thread 0x0000000017ecf800 Exception <a 'java/security/PrivilegedActionException'> (0x00000000eea5f698) thrown at [C:\workspace\8-2-build-windows-amd64-cygwin\jdk8u31\2394\hotspot\src\share\vm\prims\jvm.cpp, line 1312]
Event: 8.551 Thread 0x0000000017ecf800 Exception <a 'java/security/PrivilegedActionException'> (0x00000000eea64990) thrown at [C:\workspace\8-2-build-windows-amd64-cygwin\jdk8u31\2394\hotspot\src\share\vm\prims\jvm.cpp, line 1312]
Event: 8.554 Thread 0x0000000017ecf800 Exception <a 'java/security/PrivilegedActionException'> (0x00000000eea6b008) thrown at [C:\workspace\8-2-build-windows-amd64-cygwin\jdk8u31\2394\hotspot\src\share\vm\prims\jvm.cpp, line 1312]
Event: 8.556 Thread 0x0000000017ecf800 Exception <a 'java/security/PrivilegedActionException'> (0x00000000eea6e038) thrown at [C:\workspace\8-2-build-windows-amd64-cygwin\jdk8u31\2394\hotspot\src\share\vm\prims\jvm.cpp, line 1312]
Event: 8.558 Thread 0x0000000017ecf800 Exception <a 'java/security/PrivilegedActionException'> (0x00000000eea72f70) thrown at [C:\workspace\8-2-build-windows-amd64-cygwin\jdk8u31\2394\hotspot\src\share\vm\prims\jvm.cpp, line 1312]
Event: 8.560 Thread 0x0000000017ecf800 Exception <a 'java/security/PrivilegedActionException'> (0x00000000eea77700) thrown at [C:\workspace\8-2-build-windows-amd64-cygwin\jdk8u31\2394\hotspot\src\share\vm\prims\jvm.cpp, line 1312]
Event: 8.581 Thread 0x0000000017ecf800 Exception <a 'java/security/PrivilegedActionException'> (0x00000000eea7ef50) thrown at [C:\workspace\8-2-build-windows-amd64-cygwin\jdk8u31\2394\hotspot\src\share\vm\prims\jvm.cpp, line 1312]
Event: 8.615 Thread 0x0000000017ecf800 Exception <a 'java/security/PrivilegedActionException'> (0x00000000eea8d4b8) thrown at [C:\workspace\8-2-build-windows-amd64-cygwin\jdk8u31\2394\hotspot\src\share\vm\prims\jvm.cpp, line 1312]
Event: 8.617 Thread 0x0000000017ecf800 Exception <a 'java/security/PrivilegedActionException'> (0x00000000eea90608) thrown at [C:\workspace\8-2-build-windows-amd64-cygwin\jdk8u31\2394\hotspot\src\share\vm\prims\jvm.cpp, line 1312]
Event: 8.618 Thread 0x0000000017ecf800 Exception <a 'java/security/PrivilegedActionException'> (0x00000000eea93878) thrown at [C:\workspace\8-2-build-windows-amd64-cygwin\jdk8u31\2394\hotspot\src\share\vm\prims\jvm.cpp, line 1312]

Events (10 events):
Event: 8.689 Thread 0x0000000017ecf800 DEOPT PACKING pc=0x000000000342ac08 sp=0x000000001c6de820
Event: 8.689 Thread 0x0000000017ecf800 DEOPT UNPACKING pc=0x000000000312556a sp=0x000000001c6de7e0 mode 2
Event: 8.689 Thread 0x0000000017ecf800 Uncommon trap: trap_request=0xffffffde fr.pc=0x000000000340aac4
Event: 8.689 Thread 0x0000000017ecf800 DEOPT PACKING pc=0x000000000340aac4 sp=0x000000001c6de7b0
Event: 8.689 Thread 0x0000000017ecf800 DEOPT UNPACKING pc=0x000000000312556a sp=0x000000001c6de750 mode 2
Event: 8.689 Thread 0x0000000017ecf800 Uncommon trap: trap_request=0xffffffde fr.pc=0x000000000340aac4
Event: 8.689 Thread 0x0000000017ecf800 DEOPT PACKING pc=0x000000000340aac4 sp=0x000000001c6de7c0
Event: 8.689 Thread 0x0000000017ecf800 DEOPT UNPACKING pc=0x000000000312556a sp=0x000000001c6de760 mode 2
Event: 9.398 Executing VM operation: ParallelGCFailedAllocation
Event: 9.442 Executing VM operation: ParallelGCFailedAllocation done


Dynamic libraries:
0x00007ff7d0ef0000 - 0x00007ff7d0f24000 	C:\Program Files\Java\jdk1.8.0_31\bin\java.exe
0x00007ffc1fa10000 - 0x00007ffc1fbd1000 	C:\WINDOWS\SYSTEM32\ntdll.dll
0x00007ffc1f0f0000 - 0x00007ffc1f19d000 	C:\WINDOWS\system32\KERNEL32.DLL
0x00007ffc1c3d0000 - 0x00007ffc1c5b8000 	C:\WINDOWS\system32\KERNELBASE.dll
0x00007ffc1d580000 - 0x00007ffc1d627000 	C:\WINDOWS\system32\ADVAPI32.dll
0x00007ffc1cee0000 - 0x00007ffc1cf7d000 	C:\WINDOWS\system32\msvcrt.dll
0x00007ffc1f300000 - 0x00007ffc1f35b000 	C:\WINDOWS\system32\sechost.dll
0x00007ffc1d030000 - 0x00007ffc1d14c000 	C:\WINDOWS\system32\RPCRT4.dll
0x00007ffc1f1a0000 - 0x00007ffc1f2f6000 	C:\WINDOWS\system32\USER32.dll
0x00007ffc1f880000 - 0x00007ffc1fa06000 	C:\WINDOWS\system32\GDI32.dll
0x00007ffc16b30000 - 0x00007ffc16da4000 	C:\WINDOWS\WinSxS\amd64_microsoft.windows.common-controls_6595b64144ccf1df_6.0.10586.0_none_8c15ae12515e1c22\COMCTL32.dll
0x00007ffc1d150000 - 0x00007ffc1d3cd000 	C:\WINDOWS\system32\combase.dll
0x00007ffc1cda0000 - 0x00007ffc1ce0a000 	C:\WINDOWS\system32\bcryptPrimitives.dll
0x00007ffc1f020000 - 0x00007ffc1f05b000 	C:\WINDOWS\system32\IMM32.DLL
0x0000000064230000 - 0x0000000064302000 	C:\Program Files\Java\jdk1.8.0_31\jre\bin\msvcr100.dll
0x00000000646e0000 - 0x0000000064f3a000 	C:\Program Files\Java\jdk1.8.0_31\jre\bin\server\jvm.dll
0x00007ffc1f360000 - 0x00007ffc1f368000 	C:\WINDOWS\system32\PSAPI.DLL
0x00007ffc0d490000 - 0x00007ffc0d499000 	C:\WINDOWS\SYSTEM32\WSOCK32.dll
0x00007ffc1a700000 - 0x00007ffc1a723000 	C:\WINDOWS\SYSTEM32\WINMM.dll
0x00007ffc1f080000 - 0x00007ffc1f0eb000 	C:\WINDOWS\system32\WS2_32.dll
0x00007ffc1a2e0000 - 0x00007ffc1a30c000 	C:\WINDOWS\SYSTEM32\WINMMBASE.dll
0x00007ffc1cd50000 - 0x00007ffc1cd93000 	C:\WINDOWS\system32\cfgmgr32.dll
0x0000000065aa0000 - 0x0000000065aaf000 	C:\Program Files\Java\jdk1.8.0_31\jre\bin\verify.dll
0x00000000646b0000 - 0x00000000646d8000 	C:\Program Files\Java\jdk1.8.0_31\jre\bin\java.dll
0x0000000064690000 - 0x00000000646a6000 	C:\Program Files\Java\jdk1.8.0_31\jre\bin\zip.dll
0x00007ffc1dac0000 - 0x00007ffc1f01c000 	C:\WINDOWS\system32\SHELL32.dll
0x00007ffc1c700000 - 0x00007ffc1cd44000 	C:\WINDOWS\system32\windows.storage.dll
0x00007ffc1f380000 - 0x00007ffc1f3d2000 	C:\WINDOWS\system32\shlwapi.dll
0x00007ffc1c0b0000 - 0x00007ffc1c0bf000 	C:\WINDOWS\system32\kernel.appcore.dll
0x00007ffc1c640000 - 0x00007ffc1c6f5000 	C:\WINDOWS\system32\shcore.dll
0x00007ffc1c060000 - 0x00007ffc1c0ab000 	C:\WINDOWS\system32\powrprof.dll
0x00007ffc1c040000 - 0x00007ffc1c054000 	C:\WINDOWS\system32\profapi.dll

VM Arguments:
jvm_args: -Djava.awt.headless=true -Xmx1024M -Dfile.encoding=x-windows-949 -Duser.country=KR -Duser.language=ko -Duser.variant 
java_command: com.android.dx.command.Main --dex --force-jumbo --num-threads=4 --multi-dex --output C:\Users\samsung\Documents\AndroidWorkSpace\MyDaumMap\app\build\intermediates\transforms\dex\debug\folders\1000\2\libDaumMapAndroid_08ebfd5ec5708636f5825d18ff471925d1663582 C:\Users\samsung\Documents\AndroidWorkSpace\MyDaumMap\app\libs\libDaumMapAndroid.jar
java_class_path (initial): C:\Users\samsung\AppData\Local\Android\sdk\build-tools\24.0.0\lib\dx.jar
Launcher Type: SUN_STANDARD

Environment Variables:
JAVA_HOME=C:\Program Files\Java\jdk1.8.0_31
CLASSPATH=.
PATH=C:\oraclexe\app\oracle\product\11.2.0\server\bin;;C:\ProgramData\Oracle\Java\javapath;C:\Program Files (x86)\Wizvera\Delfino;C:\Program Files (x86)\NVIDIA Corporation\PhysX\Common;C:\Program Files (x86)\Intel\iCLS Client\;C:\Program Files\Intel\iCLS Client\;C:\WINDOWS\system32;C:\WINDOWS;C:\WINDOWS\System32\Wbem;C:\WINDOWS\System32\WindowsPowerShell\v1.0\;C:\Program Files\Intel\Intel(R) Management Engine Components\DAL;C:\Program Files\Intel\Intel(R) Management Engine Components\IPT;C:\Program Files (x86)\Intel\Intel(R) Management Engine Components\DAL;C:\Program Files (x86)\Intel\Intel(R) Management Engine Components\IPT;C:\Program Files\Intel\WiFi\bin\;C:\Program Files\Common Files\Intel\WirelessCommon\;c:\Program Files (x86)\Microsoft SQL Server\100\Tools\Binn\;c:\Program Files\Microsoft SQL Server\100\Tools\Binn\;C:\Program Files\Java\jdk1.8.0_31\bin;C:\Program Files\MySQL\MySQL Server 5.5\bin;C:\Users\samsung\AppData\Local\Android\sdk\platform-tools;C:\Program Files (x86)\Windows Kits\8.1\Windows Performance Toolkit\;C:\Program Files\Microsoft SQL Server\110\Tools\Binn\;C:\Program Files\nodejs\;C:\Program Files (x86)\Heroku\bin;C:\Program Files (x86)\git\cmd;C:\Program Files (x86)\git\bin;C:\Program Files\Bandizip\7z;C:\Users\samsung\AppData\Roaming\npm;C:\Users\samsung\AppData\Local\atom\bin;C:\Users\samsung\AppData\Local\Programs\Git\cmd;C:\apache-maven-3.3.9\bin
USERNAME=samsung
OS=Windows_NT
PROCESSOR_IDENTIFIER=Intel64 Family 6 Model 60 Stepping 3, GenuineIntel



---------------  S Y S T E M  ---------------

OS: Windows 8.1 , 64 bit Build 9600 

CPU:total 8 (4 cores per cpu, 2 threads per core) family 6 model 60 stepping 3, cmov, cx8, fxsr, mmx, sse, sse2, sse3, ssse3, sse4.1, sse4.2, popcnt, avx, avx2, aes, clmul, erms, lzcnt, ht, tsc, tscinvbit, bmi1, bmi2

Memory: 4k page, physical 8300920k(1453580k free), swap 8300920k(4108k free)

vm_info: Java HotSpot(TM) 64-Bit Server VM (25.31-b07) for windows-amd64 JRE (1.8.0_31-b13), built on Dec 17 2014 21:00:28 by "java_re" with MS VC++ 10.0 (VS2010)

time: Tue Jun 28 18:02:02 2016
elapsed time: 9 seconds (0d 0h 0m 9s)

