#
# There is insufficient memory for the Java Runtime Environment to continue.
# Native memory allocation (malloc) failed to allocate 204304 bytes for Chunk::new
# Possible reasons:
#   The system is out of physical RAM or swap space
#   In 32 bit mode, the process size limit was hit
# Possible solutions:
#   Reduce memory load on the system
#   Increase physical memory or swap space
#   Check if swap backing store is full
#   Use 64 bit Java on a 64 bit OS
#   Decrease Java heap size (-Xmx/-Xms)
#   Decrease number of Java threads
#   Decrease Java thread stack sizes (-Xss)
#   Set larger code cache with -XX:ReservedCodeCacheSize=
# This output file may be truncated or incomplete.
#
#  Out of Memory Error (allocation.cpp:390), pid=11164, tid=10508
#
# JRE version: Java(TM) SE Runtime Environment (8.0_31-b13) (build 1.8.0_31-b13)
# Java VM: Java HotSpot(TM) 64-Bit Server VM (25.31-b07 mixed mode windows-amd64 compressed oops)
# Failed to write core dump. Minidumps are not enabled by default on client versions of Windows
#

---------------  T H R E A D  ---------------

Current thread (0x00000000171b9000):  JavaThread "C2 CompilerThread1" daemon [_thread_in_native, id=10508, stack(0x0000000017830000,0x0000000017930000)]

Stack: [0x0000000017830000,0x0000000017930000]
Native frames: (J=compiled Java code, j=interpreted, Vv=VM code, C=native code)
V  [jvm.dll+0x3169ba]
V  [jvm.dll+0x2674c3]
V  [jvm.dll+0x268103]
V  [jvm.dll+0x25f8f5]
V  [jvm.dll+0xbf025]
V  [jvm.dll+0xbf4cc]
V  [jvm.dll+0x479917]
V  [jvm.dll+0x446e60]
V  [jvm.dll+0x451bce]
V  [jvm.dll+0x4541b8]
V  [jvm.dll+0x437c62]
V  [jvm.dll+0x988e2]
V  [jvm.dll+0x990d3]
V  [jvm.dll+0x22c194]
V  [jvm.dll+0x28576a]
C  [msvcr100.dll+0x21d9f]
C  [msvcr100.dll+0x21e3b]
C  [KERNEL32.DLL+0x18102]
C  [ntdll.dll+0x5c5b4]


Current CompileTask:
C2:   1330  242   !   4       com.android.dx.cf.cst.ConstantPoolParser::parse0 (731 bytes)


---------------  P R O C E S S  ---------------

Java Threads: ( => current thread )
  0x0000000017429800 JavaThread "pool-2-thread-4" [_thread_blocked, id=10596, stack(0x0000000018130000,0x0000000018230000)]
  0x0000000017428000 JavaThread "pool-2-thread-3" [_thread_blocked, id=3200, stack(0x0000000018030000,0x0000000018130000)]
  0x00000000173b5800 JavaThread "pool-2-thread-2" [_thread_blocked, id=11016, stack(0x0000000017f30000,0x0000000018030000)]
  0x0000000017363800 JavaThread "pool-3-thread-1" [_thread_blocked, id=13272, stack(0x0000000017e30000,0x0000000017f30000)]
  0x0000000017362800 JavaThread "pool-2-thread-1" [_thread_blocked, id=7700, stack(0x0000000017d30000,0x0000000017e30000)]
  0x000000001721e000 JavaThread "Service Thread" daemon [_thread_blocked, id=12412, stack(0x0000000017b30000,0x0000000017c30000)]
  0x0000000017217800 JavaThread "C1 CompilerThread3" daemon [_thread_blocked, id=11332, stack(0x0000000017a30000,0x0000000017b30000)]
  0x000000001720d000 JavaThread "C2 CompilerThread2" daemon [_thread_blocked, id=11556, stack(0x0000000017930000,0x0000000017a30000)]
=>0x00000000171b9000 JavaThread "C2 CompilerThread1" daemon [_thread_in_native, id=10508, stack(0x0000000017830000,0x0000000017930000)]
  0x00000000171b6000 JavaThread "C2 CompilerThread0" daemon [_thread_blocked, id=12220, stack(0x0000000017730000,0x0000000017830000)]
  0x00000000171b4800 JavaThread "Attach Listener" daemon [_thread_blocked, id=6156, stack(0x0000000017630000,0x0000000017730000)]
  0x00000000171b3800 JavaThread "Signal Dispatcher" daemon [_thread_blocked, id=9956, stack(0x0000000017530000,0x0000000017630000)]
  0x0000000002642000 JavaThread "Finalizer" daemon [_thread_blocked, id=10512, stack(0x0000000017030000,0x0000000017130000)]
  0x000000001516c000 JavaThread "Reference Handler" daemon [_thread_blocked, id=6512, stack(0x0000000016f30000,0x0000000017030000)]
  0x000000000063e000 JavaThread "main" [_thread_blocked, id=3168, stack(0x0000000002450000,0x0000000002550000)]

Other Threads:
  0x0000000015168000 VMThread [stack: 0x0000000016e30000,0x0000000016f30000] [id=928]
  0x0000000017223000 WatcherThread [stack: 0x0000000017c30000,0x0000000017d30000] [id=8796]

VM state:at safepoint (normal execution)

VM Mutex/Monitor currently owned by a thread:  ([mutex/lock_event])
[0x000000000063d020] Threads_lock - owner thread: 0x0000000015168000
[0x000000000063c4a0] Heap_lock - owner thread: 0x000000000063e000

Heap:
 PSYoungGen      total 38400K, used 10000K [0x00000000eab00000, 0x00000000ed580000, 0x0000000100000000)
  eden space 33280K, 30% used [0x00000000eab00000,0x00000000eb4c40b0,0x00000000ecb80000)
  from space 5120K, 0% used [0x00000000ed080000,0x00000000ed080000,0x00000000ed580000)
  to   space 5120K, 37% used [0x00000000ecb80000,0x00000000ecd610c0,0x00000000ed080000)
 ParOldGen       total 87552K, used 8K [0x00000000c0000000, 0x00000000c5580000, 0x00000000eab00000)
  object space 87552K, 0% used [0x00000000c0000000,0x00000000c0002000,0x00000000c5580000)
 Metaspace       used 4440K, capacity 5584K, committed 5760K, reserved 1060864K
  class space    used 485K, capacity 520K, committed 640K, reserved 1048576K

Card table byte_map: [0x0000000011a10000,0x0000000011c20000] byte_map_base: 0x0000000011410000

Marking Bits: (ParMarkBitMap*) 0x0000000064ebd4f0
 Begin Bits: [0x0000000012580000, 0x0000000013580000)
 End Bits:   [0x0000000013580000, 0x0000000014580000)

Polling page: 0x0000000000600000

CodeCache: size=245760Kb used=1799Kb max_used=1799Kb free=243961Kb
 bounds [0x0000000002650000, 0x00000000028c0000, 0x0000000011650000]
 total_blobs=571 nmethods=314 adapters=171
 compilation: enabled

Compilation events (10 events):
Event: 1.253 Thread 0x0000000017217800  313       3       java.util.WeakHashMap::remove (133 bytes)
Event: 1.256 Thread 0x0000000017217800 nmethod 313 0x000000000280e850 code [0x000000000280ea40, 0x000000000280f508]
Event: 1.256 Thread 0x0000000017217800  310       3       java.util.zip.ZipCoder::encoder (35 bytes)
Event: 1.258 Thread 0x0000000017217800 nmethod 310 0x000000000280f990 code [0x000000000280fb20, 0x0000000002810188]
Event: 1.258 Thread 0x0000000017217800  311       3       java.nio.charset.CharsetEncoder::reset (11 bytes)
Event: 1.258 Thread 0x0000000017217800 nmethod 311 0x0000000002810350 code [0x00000000028104a0, 0x00000000028106d0]
Event: 1.258 Thread 0x0000000017217800  314       3       java.util.Date::getCalendarSystem (15 bytes)
Event: 1.259 Thread 0x0000000017217800 nmethod 314 0x0000000002810790 code [0x0000000002810920, 0x0000000002810e28]
Event: 1.259 Thread 0x0000000017217800  312       3       java.nio.charset.CharsetEncoder::implReset (1 bytes)
Event: 1.260 Thread 0x0000000017217800 nmethod 312 0x0000000002806690 code [0x00000000028067e0, 0x0000000002806930]

GC Heap History (0 events):
No events

Deoptimization events (0 events):
No events

Internal exceptions (10 events):
Event: 1.247 Thread 0x0000000017362800 Exception <a 'java/security/PrivilegedActionException'> (0x00000000eb29c858) thrown at [C:\workspace\8-2-build-windows-amd64-cygwin\jdk8u31\2394\hotspot\src\share\vm\prims\jvm.cpp, line 1312]
Event: 1.248 Thread 0x0000000017362800 Exception <a 'java/security/PrivilegedActionException'> (0x00000000eb29fba8) thrown at [C:\workspace\8-2-build-windows-amd64-cygwin\jdk8u31\2394\hotspot\src\share\vm\prims\jvm.cpp, line 1312]
Event: 1.249 Thread 0x0000000017362800 Exception <a 'java/security/PrivilegedActionException'> (0x00000000eb2a2518) thrown at [C:\workspace\8-2-build-windows-amd64-cygwin\jdk8u31\2394\hotspot\src\share\vm\prims\jvm.cpp, line 1312]
Event: 1.251 Thread 0x0000000017362800 Exception <a 'java/security/PrivilegedActionException'> (0x00000000eb2a7ea0) thrown at [C:\workspace\8-2-build-windows-amd64-cygwin\jdk8u31\2394\hotspot\src\share\vm\prims\jvm.cpp, line 1312]
Event: 1.254 Thread 0x000000000063e000 Exception <a 'java/security/PrivilegedActionException'> (0x00000000eb2eaea0) thrown at [C:\workspace\8-2-build-windows-amd64-cygwin\jdk8u31\2394\hotspot\src\share\vm\prims\jvm.cpp, line 1312]
Event: 1.257 Thread 0x000000000063e000 Exception <a 'java/security/PrivilegedActionException'> (0x00000000eb2f0920) thrown at [C:\workspace\8-2-build-windows-amd64-cygwin\jdk8u31\2394\hotspot\src\share\vm\prims\jvm.cpp, line 1312]
Event: 1.258 Thread 0x000000000063e000 Exception <a 'java/security/PrivilegedActionException'> (0x00000000eb2f38f8) thrown at [C:\workspace\8-2-build-windows-amd64-cygwin\jdk8u31\2394\hotspot\src\share\vm\prims\jvm.cpp, line 1312]
Event: 1.259 Thread 0x0000000017429800 Exception <a 'java/security/PrivilegedActionException'> (0x00000000eb420a40) thrown at [C:\workspace\8-2-build-windows-amd64-cygwin\jdk8u31\2394\hotspot\src\share\vm\prims\jvm.cpp, line 1312]
Event: 1.261 Thread 0x0000000017429800 Exception <a 'java/security/PrivilegedActionException'> (0x00000000eb423de8) thrown at [C:\workspace\8-2-build-windows-amd64-cygwin\jdk8u31\2394\hotspot\src\share\vm\prims\jvm.cpp, line 1312]
Event: 1.262 Thread 0x0000000017362800 Exception <a 'java/security/PrivilegedActionException'> (0x00000000eb2b1148) thrown at [C:\workspace\8-2-build-windows-amd64-cygwin\jdk8u31\2394\hotspot\src\share\vm\prims\jvm.cpp, line 1312]

Events (10 events):
Event: 1.258 loading class com/android/dx/cf/code/Ropper$LabelAllocator
Event: 1.258 loading class com/android/dx/cf/code/Ropper$LabelAllocator done
Event: 1.259 loading class com/android/dx/rop/code/SourcePosition
Event: 1.259 loading class com/android/dx/rop/code/SourcePosition done
Event: 1.261 loading class com/android/dx/rop/code/InsnList
Event: 1.261 loading class com/android/dx/rop/code/InsnList done
Event: 1.262 loading class com/android/dx/rop/code/LocalItem
Event: 1.262 loading class com/android/dx/rop/code/LocalItem done
Event: 1.264 loading class com/android/dx/rop/code/RegisterSpec
Event: 1.264 loading class com/android/dx/rop/code/RegisterSpec done


Dynamic libraries:
0x00007ff7d0ef0000 - 0x00007ff7d0f24000 	C:\Program Files\Java\jdk1.8.0_31\bin\java.exe
0x00007ffc1fa10000 - 0x00007ffc1fbd1000 	C:\WINDOWS\SYSTEM32\ntdll.dll
0x00007ffc1f0f0000 - 0x00007ffc1f19d000 	C:\WINDOWS\system32\KERNEL32.DLL
0x00007ffc1c3d0000 - 0x00007ffc1c5b8000 	C:\WINDOWS\system32\KERNELBASE.dll
0x00007ffc1d580000 - 0x00007ffc1d627000 	C:\WINDOWS\system32\ADVAPI32.dll
0x00007ffc1cee0000 - 0x00007ffc1cf7d000 	C:\WINDOWS\system32\msvcrt.dll
0x00007ffc1f300000 - 0x00007ffc1f35b000 	C:\WINDOWS\system32\sechost.dll
0x00007ffc1d030000 - 0x00007ffc1d14c000 	C:\WINDOWS\system32\RPCRT4.dll
0x00007ffc1f1a0000 - 0x00007ffc1f2f6000 	C:\WINDOWS\system32\USER32.dll
0x00007ffc1f880000 - 0x00007ffc1fa06000 	C:\WINDOWS\system32\GDI32.dll
0x00007ffc16b30000 - 0x00007ffc16da4000 	C:\WINDOWS\WinSxS\amd64_microsoft.windows.common-controls_6595b64144ccf1df_6.0.10586.0_none_8c15ae12515e1c22\COMCTL32.dll
0x00007ffc1d150000 - 0x00007ffc1d3cd000 	C:\WINDOWS\system32\combase.dll
0x00007ffc1cda0000 - 0x00007ffc1ce0a000 	C:\WINDOWS\system32\bcryptPrimitives.dll
0x00007ffc1f020000 - 0x00007ffc1f05b000 	C:\WINDOWS\system32\IMM32.DLL
0x0000000064230000 - 0x0000000064302000 	C:\Program Files\Java\jdk1.8.0_31\jre\bin\msvcr100.dll
0x00000000646e0000 - 0x0000000064f3a000 	C:\Program Files\Java\jdk1.8.0_31\jre\bin\server\jvm.dll
0x00007ffc1f360000 - 0x00007ffc1f368000 	C:\WINDOWS\system32\PSAPI.DLL
0x00007ffc0d490000 - 0x00007ffc0d499000 	C:\WINDOWS\SYSTEM32\WSOCK32.dll
0x00007ffc1f080000 - 0x00007ffc1f0eb000 	C:\WINDOWS\system32\WS2_32.dll
0x00007ffc1a700000 - 0x00007ffc1a723000 	C:\WINDOWS\SYSTEM32\WINMM.dll
0x00007ffc1a2e0000 - 0x00007ffc1a30c000 	C:\WINDOWS\SYSTEM32\WINMMBASE.dll
0x00007ffc1cd50000 - 0x00007ffc1cd93000 	C:\WINDOWS\system32\cfgmgr32.dll
0x0000000065aa0000 - 0x0000000065aaf000 	C:\Program Files\Java\jdk1.8.0_31\jre\bin\verify.dll
0x00000000646b0000 - 0x00000000646d8000 	C:\Program Files\Java\jdk1.8.0_31\jre\bin\java.dll
0x0000000064690000 - 0x00000000646a6000 	C:\Program Files\Java\jdk1.8.0_31\jre\bin\zip.dll
0x00007ffc1dac0000 - 0x00007ffc1f01c000 	C:\WINDOWS\system32\SHELL32.dll
0x00007ffc1c700000 - 0x00007ffc1cd44000 	C:\WINDOWS\system32\windows.storage.dll
0x00007ffc1f380000 - 0x00007ffc1f3d2000 	C:\WINDOWS\system32\shlwapi.dll
0x00007ffc1c0b0000 - 0x00007ffc1c0bf000 	C:\WINDOWS\system32\kernel.appcore.dll
0x00007ffc1c640000 - 0x00007ffc1c6f5000 	C:\WINDOWS\system32\shcore.dll
0x00007ffc1c060000 - 0x00007ffc1c0ab000 	C:\WINDOWS\system32\powrprof.dll
0x00007ffc1c040000 - 0x00007ffc1c054000 	C:\WINDOWS\system32\profapi.dll
0x00007ffc089f0000 - 0x00007ffc08b7c000 	C:\WINDOWS\SYSTEM32\dbghelp.dll

VM Arguments:
jvm_args: -Djava.awt.headless=true -Xmx1024M -Dfile.encoding=x-windows-949 -Duser.country=KR -Duser.language=ko -Duser.variant 
java_command: com.android.dx.command.Main --dex --force-jumbo --num-threads=4 --multi-dex --output C:\Users\samsung\Documents\AndroidWorkSpace\MyDaumMap\app\build\intermediates\transforms\dex\debug\folders\1000\5\slice_2 C:\Users\samsung\Documents\AndroidWorkSpace\MyDaumMap\app\build\intermediates\transforms\instantRunSlicer\debug\folders\1\5\slice_2
java_class_path (initial): C:\Users\samsung\AppData\Local\Android\sdk\build-tools\24.0.0\lib\dx.jar
Launcher Type: SUN_STANDARD

Environment Variables:
JAVA_HOME=C:\Program Files\Java\jdk1.8.0_31
CLASSPATH=.
PATH=C:\oraclexe\app\oracle\product\11.2.0\server\bin;;C:\ProgramData\Oracle\Java\javapath;C:\Program Files (x86)\Wizvera\Delfino;C:\Program Files (x86)\NVIDIA Corporation\PhysX\Common;C:\Program Files (x86)\Intel\iCLS Client\;C:\Program Files\Intel\iCLS Client\;C:\WINDOWS\system32;C:\WINDOWS;C:\WINDOWS\System32\Wbem;C:\WINDOWS\System32\WindowsPowerShell\v1.0\;C:\Program Files\Intel\Intel(R) Management Engine Components\DAL;C:\Program Files\Intel\Intel(R) Management Engine Components\IPT;C:\Program Files (x86)\Intel\Intel(R) Management Engine Components\DAL;C:\Program Files (x86)\Intel\Intel(R) Management Engine Components\IPT;C:\Program Files\Intel\WiFi\bin\;C:\Program Files\Common Files\Intel\WirelessCommon\;c:\Program Files (x86)\Microsoft SQL Server\100\Tools\Binn\;c:\Program Files\Microsoft SQL Server\100\Tools\Binn\;C:\Program Files\Java\jdk1.8.0_31\bin;C:\Program Files\MySQL\MySQL Server 5.5\bin;C:\Users\samsung\AppData\Local\Android\sdk\platform-tools;C:\Program Files (x86)\Windows Kits\8.1\Windows Performance Toolkit\;C:\Program Files\Microsoft SQL Server\110\Tools\Binn\;C:\Program Files\nodejs\;C:\Program Files (x86)\Heroku\bin;C:\Program Files (x86)\git\cmd;C:\Program Files (x86)\git\bin;C:\Program Files\Bandizip\7z;C:\Users\samsung\AppData\Roaming\npm;C:\Users\samsung\AppData\Local\atom\bin;C:\Users\samsung\AppData\Local\Programs\Git\cmd;C:\apache-maven-3.3.9\bin
USERNAME=samsung
OS=Windows_NT
PROCESSOR_IDENTIFIER=Intel64 Family 6 Model 60 Stepping 3, GenuineIntel



---------------  S Y S T E M  ---------------

OS: Windows 8.1 , 64 bit Build 9600 

CPU:total 8 (4 cores per cpu, 2 threads per core) family 6 model 60 stepping 3, cmov, cx8, fxsr, mmx, sse, sse2, sse3, ssse3, sse4.1, sse4.2, popcnt, avx, avx2, aes, clmul, erms, lzcnt, ht, tsc, tscinvbit, bmi1, bmi2

Memory: 4k page, physical 8300920k(1618060k free), swap 8300920k(1372k free)

vm_info: Java HotSpot(TM) 64-Bit Server VM (25.31-b07) for windows-amd64 JRE (1.8.0_31-b13), built on Dec 17 2014 21:00:28 by "java_re" with MS VC++ 10.0 (VS2010)

time: Tue Jun 28 17:21:11 2016
elapsed time: 1 seconds (0d 0h 0m 1s)

