#
# There is insufficient memory for the Java Runtime Environment to continue.
# Native memory allocation (malloc) failed to allocate 400096 bytes for Chunk::new
# Possible reasons:
#   The system is out of physical RAM or swap space
#   In 32 bit mode, the process size limit was hit
# Possible solutions:
#   Reduce memory load on the system
#   Increase physical memory or swap space
#   Check if swap backing store is full
#   Use 64 bit Java on a 64 bit OS
#   Decrease Java heap size (-Xmx/-Xms)
#   Decrease number of Java threads
#   Decrease Java thread stack sizes (-Xss)
#   Set larger code cache with -XX:ReservedCodeCacheSize=
# This output file may be truncated or incomplete.
#
#  Out of Memory Error (allocation.cpp:390), pid=12160, tid=9164
#
# JRE version: Java(TM) SE Runtime Environment (8.0_31-b13) (build 1.8.0_31-b13)
# Java VM: Java HotSpot(TM) 64-Bit Server VM (25.31-b07 mixed mode windows-amd64 compressed oops)
# Failed to write core dump. Minidumps are not enabled by default on client versions of Windows
#

---------------  T H R E A D  ---------------

Current thread (0x0000000017ccc000):  JavaThread "C2 CompilerThread2" daemon [_thread_in_native, id=9164, stack(0x0000000018440000,0x0000000018540000)]

Stack: [0x0000000018440000,0x0000000018540000]
Native frames: (J=compiled Java code, j=interpreted, Vv=VM code, C=native code)
V  [jvm.dll+0x3169ba]
V  [jvm.dll+0x2674c3]
V  [jvm.dll+0x268103]
V  [jvm.dll+0x25f8f5]
V  [jvm.dll+0xbf025]
V  [jvm.dll+0xbf4cc]
V  [jvm.dll+0x45df82]
V  [jvm.dll+0x49f21f]
V  [jvm.dll+0x452b35]
V  [jvm.dll+0x454124]
V  [jvm.dll+0x437c62]
V  [jvm.dll+0x988e2]
V  [jvm.dll+0x990d3]
V  [jvm.dll+0x22c194]
V  [jvm.dll+0x28576a]
C  [msvcr100.dll+0x21d9f]
C  [msvcr100.dll+0x21e3b]
C  [KERNEL32.DLL+0x18102]
C  [ntdll.dll+0x5c5b4]


Current CompileTask:
C2:   6132 1029       4       com.android.dx.ssa.back.LivenessAnalyzer::handleTailRecursion (94 bytes)


---------------  P R O C E S S  ---------------

Java Threads: ( => current thread )
  0x00000000189c0000 JavaThread "pool-2-thread-4" [_thread_blocked, id=13116, stack(0x0000000019440000,0x0000000019540000)]
  0x00000000189c3800 JavaThread "pool-2-thread-3" [_thread_blocked, id=11756, stack(0x0000000019340000,0x0000000019440000)]
  0x0000000018958000 JavaThread "pool-2-thread-2" [_thread_blocked, id=7324, stack(0x0000000019240000,0x0000000019340000)]
  0x0000000018957000 JavaThread "pool-3-thread-1" [_thread_blocked, id=10948, stack(0x0000000019140000,0x0000000019240000)]
  0x00000000188ec800 JavaThread "pool-2-thread-1" [_thread_in_Java, id=11712, stack(0x0000000019040000,0x0000000019140000)]
  0x0000000017d5b000 JavaThread "Service Thread" daemon [_thread_blocked, id=3132, stack(0x0000000018640000,0x0000000018740000)]
  0x0000000017cd2800 JavaThread "C1 CompilerThread3" daemon [_thread_in_native, id=7900, stack(0x0000000018540000,0x0000000018640000)]
=>0x0000000017ccc000 JavaThread "C2 CompilerThread2" daemon [_thread_in_native, id=9164, stack(0x0000000018440000,0x0000000018540000)]
  0x0000000017cc8000 JavaThread "C2 CompilerThread1" daemon [_thread_in_vm, id=11528, stack(0x0000000018340000,0x0000000018440000)]
  0x0000000017cc5000 JavaThread "C2 CompilerThread0" daemon [_thread_in_native, id=12908, stack(0x0000000018240000,0x0000000018340000)]
  0x0000000017cc3800 JavaThread "Attach Listener" daemon [_thread_blocked, id=6004, stack(0x0000000018140000,0x0000000018240000)]
  0x0000000017cc2800 JavaThread "Signal Dispatcher" daemon [_thread_blocked, id=12572, stack(0x0000000018040000,0x0000000018140000)]
  0x0000000003132000 JavaThread "Finalizer" daemon [_thread_blocked, id=2720, stack(0x0000000017b40000,0x0000000017c40000)]
  0x0000000015c5c000 JavaThread "Reference Handler" daemon [_thread_blocked, id=10084, stack(0x0000000017a40000,0x0000000017b40000)]
  0x000000000303e000 JavaThread "main" [_thread_in_Java, id=8304, stack(0x0000000002e80000,0x0000000002f80000)]

Other Threads:
  0x0000000015c58000 VMThread [stack: 0x0000000017940000,0x0000000017a40000] [id=9856]
  0x0000000017d5c000 WatcherThread [stack: 0x0000000018740000,0x0000000018840000] [id=11696]

VM state:not at safepoint (normal execution)

VM Mutex/Monitor currently owned by a thread: None

Heap:
 PSYoungGen      total 38400K, used 10909K [0x00000000eab00000, 0x00000000ef600000, 0x0000000100000000)
  eden space 33280K, 17% used [0x00000000eab00000,0x00000000eb0b73b0,0x00000000ecb80000)
  from space 5120K, 98% used [0x00000000ecb80000,0x00000000ed0700a8,0x00000000ed080000)
  to   space 5120K, 0% used [0x00000000ef100000,0x00000000ef100000,0x00000000ef600000)
 ParOldGen       total 87552K, used 8K [0x00000000c0000000, 0x00000000c5580000, 0x00000000eab00000)
  object space 87552K, 0% used [0x00000000c0000000,0x00000000c0002000,0x00000000c5580000)
 Metaspace       used 5920K, capacity 6832K, committed 7040K, reserved 1056768K
  class space    used 593K, capacity 616K, committed 640K, reserved 1048576K

Card table byte_map: [0x0000000012500000,0x0000000012710000] byte_map_base: 0x0000000011f00000

Marking Bits: (ParMarkBitMap*) 0x0000000064ebd4f0
 Begin Bits: [0x0000000013070000, 0x0000000014070000)
 End Bits:   [0x0000000014070000, 0x0000000015070000)

Polling page: 0x0000000000f00000

CodeCache: size=245760Kb used=3995Kb max_used=4007Kb free=241765Kb
 bounds [0x0000000003140000, 0x0000000003530000, 0x0000000012140000]
 total_blobs=1323 nmethods=1057 adapters=180
 compilation: enabled

Compilation events (10 events):
Event: 6.018 Thread 0x0000000017cd2800 nmethod 1018 0x00000000034ebd90 code [0x00000000034ec0e0, 0x00000000034ee048]
Event: 6.018 Thread 0x0000000017cd2800 1037       3       java.util.ArrayList::indexOf (67 bytes)
Event: 6.019 Thread 0x0000000017cd2800 nmethod 1037 0x00000000034d7310 code [0x00000000034d74a0, 0x00000000034d7968]
Event: 6.019 Thread 0x0000000017cd2800 1014       3       com.android.dx.cf.code.ExecutionStack::peek (42 bytes)
Event: 6.021 Thread 0x0000000017cd2800 nmethod 1014 0x00000000034eeed0 code [0x00000000034ef0c0, 0x00000000034efa48]
Event: 6.021 Thread 0x0000000017cd2800 1004       3       com.android.dx.cf.code.ByteBlockList::set (7 bytes)
Event: 6.022 Thread 0x0000000017cd2800 nmethod 1004 0x00000000034d6f90 code [0x00000000034d7100, 0x00000000034d7288]
Event: 6.022 Thread 0x0000000017cd2800 1039       3       com.android.dx.rop.code.Insn$BaseVisitor::visitPlainInsn (1 bytes)
Event: 6.022 Thread 0x0000000017cd2800 nmethod 1039 0x00000000034d6c50 code [0x00000000034d6da0, 0x00000000034d6ef0]
Event: 6.022 Thread 0x0000000017cd2800 1040       3       com.android.dx.dex.code.RopTranslator$LocalVariableAwareTranslationVisitor::visitPlainInsn (11 bytes)

GC Heap History (2 events):
Event: 5.748 GC heap before
{Heap before GC invocations=1 (full 0):
 PSYoungGen      total 38400K, used 33280K [0x00000000eab00000, 0x00000000ed580000, 0x0000000100000000)
  eden space 33280K, 100% used [0x00000000eab00000,0x00000000ecb80000,0x00000000ecb80000)
  from space 5120K, 0% used [0x00000000ed080000,0x00000000ed080000,0x00000000ed580000)
  to   space 5120K, 0% used [0x00000000ecb80000,0x00000000ecb80000,0x00000000ed080000)
 ParOldGen       total 87552K, used 0K [0x00000000c0000000, 0x00000000c5580000, 0x00000000eab00000)
  object space 87552K, 0% used [0x00000000c0000000,0x00000000c0000000,0x00000000c5580000)
 Metaspace       used 5868K, capacity 6768K, committed 7040K, reserved 1056768K
  class space    used 593K, capacity 616K, committed 640K, reserved 1048576K
Event: 5.819 GC heap after
Heap after GC invocations=1 (full 0):
 PSYoungGen      total 38400K, used 5056K [0x00000000eab00000, 0x00000000ef600000, 0x0000000100000000)
  eden space 33280K, 0% used [0x00000000eab00000,0x00000000eab00000,0x00000000ecb80000)
  from space 5120K, 98% used [0x00000000ecb80000,0x00000000ed0700a8,0x00000000ed080000)
  to   space 5120K, 0% used [0x00000000ef100000,0x00000000ef100000,0x00000000ef600000)
 ParOldGen       total 87552K, used 8K [0x00000000c0000000, 0x00000000c5580000, 0x00000000eab00000)
  object space 87552K, 0% used [0x00000000c0000000,0x00000000c0002000,0x00000000c5580000)
 Metaspace       used 5868K, capacity 6768K, committed 7040K, reserved 1056768K
  class space    used 593K, capacity 616K, committed 640K, reserved 1048576K
}

Deoptimization events (2 events):
Event: 5.606 Thread 0x000000000303e000 Uncommon trap: reason=class_check action=maybe_recompile pc=0x0000000003442624 method=com.android.dx.rop.type.Type.equals(Ljava/lang/Object;)Z @ 8
Event: 5.613 Thread 0x000000000303e000 Uncommon trap: reason=null_check action=make_not_entrant pc=0x0000000003442634 method=com.android.dx.rop.type.Type.equals(Ljava/lang/Object;)Z @ 8

Internal exceptions (10 events):
Event: 5.263 Thread 0x0000000018958000 Exception <a 'java/security/PrivilegedActionException'> (0x00000000ebfb82d8) thrown at [C:\workspace\8-2-build-windows-amd64-cygwin\jdk8u31\2394\hotspot\src\share\vm\prims\jvm.cpp, line 1312]
Event: 5.309 Thread 0x00000000189c3800 Exception <a 'java/security/PrivilegedActionException'> (0x00000000ec447af0) thrown at [C:\workspace\8-2-build-windows-amd64-cygwin\jdk8u31\2394\hotspot\src\share\vm\prims\jvm.cpp, line 1312]
Event: 5.329 Thread 0x00000000189c3800 Exception <a 'java/security/PrivilegedActionException'> (0x00000000ec44d500) thrown at [C:\workspace\8-2-build-windows-amd64-cygwin\jdk8u31\2394\hotspot\src\share\vm\prims\jvm.cpp, line 1312]
Event: 5.331 Thread 0x00000000189c3800 Exception <a 'java/security/PrivilegedActionException'> (0x00000000ec452be8) thrown at [C:\workspace\8-2-build-windows-amd64-cygwin\jdk8u31\2394\hotspot\src\share\vm\prims\jvm.cpp, line 1312]
Event: 5.336 Thread 0x00000000188ec800 Exception <a 'java/security/PrivilegedActionException'> (0x00000000ec5680b0) thrown at [C:\workspace\8-2-build-windows-amd64-cygwin\jdk8u31\2394\hotspot\src\share\vm\prims\jvm.cpp, line 1312]
Event: 5.341 Thread 0x000000000303e000 Exception <a 'java/security/PrivilegedActionException'> (0x00000000ec4f8d70) thrown at [C:\workspace\8-2-build-windows-amd64-cygwin\jdk8u31\2394\hotspot\src\share\vm\prims\jvm.cpp, line 1312]
Event: 5.342 Thread 0x000000000303e000 Exception <a 'java/security/PrivilegedActionException'> (0x00000000ec4fb478) thrown at [C:\workspace\8-2-build-windows-amd64-cygwin\jdk8u31\2394\hotspot\src\share\vm\prims\jvm.cpp, line 1312]
Event: 5.447 Thread 0x0000000018958000 Exception <a 'java/security/PrivilegedActionException'> (0x00000000ec66aee0) thrown at [C:\workspace\8-2-build-windows-amd64-cygwin\jdk8u31\2394\hotspot\src\share\vm\prims\jvm.cpp, line 1312]
Event: 5.595 Thread 0x000000000303e000 Exception <a 'java/security/PrivilegedActionException'> (0x00000000ec989150) thrown at [C:\workspace\8-2-build-windows-amd64-cygwin\jdk8u31\2394\hotspot\src\share\vm\prims\jvm.cpp, line 1312]
Event: 5.613 Thread 0x000000000303e000 Implicit null exception at 0x0000000003442522 to 0x0000000003442625

Events (10 events):
Event: 5.595 loading class com/android/dx/dex/file/FieldAnnotationStruct
Event: 5.595 loading class com/android/dx/dex/file/FieldAnnotationStruct done
Event: 5.606 Thread 0x000000000303e000 Uncommon trap: trap_request=0xffffffde fr.pc=0x0000000003442624
Event: 5.606 Thread 0x000000000303e000 DEOPT PACKING pc=0x0000000003442624 sp=0x0000000002f7e530
Event: 5.606 Thread 0x000000000303e000 DEOPT UNPACKING pc=0x000000000318556a sp=0x0000000002f7e4d8 mode 2
Event: 5.613 Thread 0x000000000303e000 Uncommon trap: trap_request=0xfffffff4 fr.pc=0x0000000003442634
Event: 5.613 Thread 0x000000000303e000 DEOPT PACKING pc=0x0000000003442634 sp=0x0000000002f7e4e0
Event: 5.613 Thread 0x000000000303e000 DEOPT UNPACKING pc=0x000000000318556a sp=0x0000000002f7e488 mode 2
Event: 5.712 Executing VM operation: ParallelGCFailedAllocation
Event: 5.820 Executing VM operation: ParallelGCFailedAllocation done


Dynamic libraries:
0x00007ff7d0ef0000 - 0x00007ff7d0f24000 	C:\Program Files\Java\jdk1.8.0_31\bin\java.exe
0x00007ffc1fa10000 - 0x00007ffc1fbd1000 	C:\WINDOWS\SYSTEM32\ntdll.dll
0x00007ffc1f0f0000 - 0x00007ffc1f19d000 	C:\WINDOWS\system32\KERNEL32.DLL
0x00007ffc1c3d0000 - 0x00007ffc1c5b8000 	C:\WINDOWS\system32\KERNELBASE.dll
0x00007ffc1d580000 - 0x00007ffc1d627000 	C:\WINDOWS\system32\ADVAPI32.dll
0x00007ffc1cee0000 - 0x00007ffc1cf7d000 	C:\WINDOWS\system32\msvcrt.dll
0x00007ffc1f300000 - 0x00007ffc1f35b000 	C:\WINDOWS\system32\sechost.dll
0x00007ffc1d030000 - 0x00007ffc1d14c000 	C:\WINDOWS\system32\RPCRT4.dll
0x00007ffc1f1a0000 - 0x00007ffc1f2f6000 	C:\WINDOWS\system32\USER32.dll
0x00007ffc1f880000 - 0x00007ffc1fa06000 	C:\WINDOWS\system32\GDI32.dll
0x00007ffc16b30000 - 0x00007ffc16da4000 	C:\WINDOWS\WinSxS\amd64_microsoft.windows.common-controls_6595b64144ccf1df_6.0.10586.0_none_8c15ae12515e1c22\COMCTL32.dll
0x00007ffc1d150000 - 0x00007ffc1d3cd000 	C:\WINDOWS\system32\combase.dll
0x00007ffc1cda0000 - 0x00007ffc1ce0a000 	C:\WINDOWS\system32\bcryptPrimitives.dll
0x00007ffc1f020000 - 0x00007ffc1f05b000 	C:\WINDOWS\system32\IMM32.DLL
0x0000000064230000 - 0x0000000064302000 	C:\Program Files\Java\jdk1.8.0_31\jre\bin\msvcr100.dll
0x00000000646e0000 - 0x0000000064f3a000 	C:\Program Files\Java\jdk1.8.0_31\jre\bin\server\jvm.dll
0x00007ffc1f360000 - 0x00007ffc1f368000 	C:\WINDOWS\system32\PSAPI.DLL
0x00007ffc0d490000 - 0x00007ffc0d499000 	C:\WINDOWS\SYSTEM32\WSOCK32.dll
0x00007ffc1f080000 - 0x00007ffc1f0eb000 	C:\WINDOWS\system32\WS2_32.dll
0x00007ffc1a700000 - 0x00007ffc1a723000 	C:\WINDOWS\SYSTEM32\WINMM.dll
0x00007ffc1a2e0000 - 0x00007ffc1a30c000 	C:\WINDOWS\SYSTEM32\WINMMBASE.dll
0x00007ffc1cd50000 - 0x00007ffc1cd93000 	C:\WINDOWS\system32\cfgmgr32.dll
0x0000000065aa0000 - 0x0000000065aaf000 	C:\Program Files\Java\jdk1.8.0_31\jre\bin\verify.dll
0x00000000646b0000 - 0x00000000646d8000 	C:\Program Files\Java\jdk1.8.0_31\jre\bin\java.dll
0x0000000064690000 - 0x00000000646a6000 	C:\Program Files\Java\jdk1.8.0_31\jre\bin\zip.dll
0x00007ffc1dac0000 - 0x00007ffc1f01c000 	C:\WINDOWS\system32\SHELL32.dll
0x00007ffc1c700000 - 0x00007ffc1cd44000 	C:\WINDOWS\system32\windows.storage.dll
0x00007ffc1f380000 - 0x00007ffc1f3d2000 	C:\WINDOWS\system32\shlwapi.dll
0x00007ffc1c0b0000 - 0x00007ffc1c0bf000 	C:\WINDOWS\system32\kernel.appcore.dll
0x00007ffc1c640000 - 0x00007ffc1c6f5000 	C:\WINDOWS\system32\shcore.dll
0x00007ffc1c060000 - 0x00007ffc1c0ab000 	C:\WINDOWS\system32\powrprof.dll
0x00007ffc1c040000 - 0x00007ffc1c054000 	C:\WINDOWS\system32\profapi.dll
0x00007ffc089f0000 - 0x00007ffc08b7c000 	C:\WINDOWS\SYSTEM32\dbghelp.dll

VM Arguments:
jvm_args: -Djava.awt.headless=true -Xmx1024M -Dfile.encoding=x-windows-949 -Duser.country=KR -Duser.language=ko -Duser.variant 
java_command: com.android.dx.command.Main --dex --force-jumbo --num-threads=4 --multi-dex --output C:\Users\samsung\Documents\AndroidWorkSpace\MyDaumMap\app\build\intermediates\transforms\dex\debug\folders\1000\10\com.android.support-support-v4-24.0.0_71425edb5c96955b5179d0410af619bc463dcc80 C:\Users\samsung\Documents\AndroidWorkSpace\MyDaumMap\app\build\intermediates\exploded-aar\com.android.support\support-v4\24.0.0\jars\classes.jar
java_class_path (initial): C:\Users\samsung\AppData\Local\Android\sdk\build-tools\24.0.0\lib\dx.jar
Launcher Type: SUN_STANDARD

Environment Variables:
JAVA_HOME=C:\Program Files\Java\jdk1.8.0_31
CLASSPATH=.
PATH=C:\oraclexe\app\oracle\product\11.2.0\server\bin;;C:\ProgramData\Oracle\Java\javapath;C:\Program Files (x86)\Wizvera\Delfino;C:\Program Files (x86)\NVIDIA Corporation\PhysX\Common;C:\Program Files (x86)\Intel\iCLS Client\;C:\Program Files\Intel\iCLS Client\;C:\WINDOWS\system32;C:\WINDOWS;C:\WINDOWS\System32\Wbem;C:\WINDOWS\System32\WindowsPowerShell\v1.0\;C:\Program Files\Intel\Intel(R) Management Engine Components\DAL;C:\Program Files\Intel\Intel(R) Management Engine Components\IPT;C:\Program Files (x86)\Intel\Intel(R) Management Engine Components\DAL;C:\Program Files (x86)\Intel\Intel(R) Management Engine Components\IPT;C:\Program Files\Intel\WiFi\bin\;C:\Program Files\Common Files\Intel\WirelessCommon\;c:\Program Files (x86)\Microsoft SQL Server\100\Tools\Binn\;c:\Program Files\Microsoft SQL Server\100\Tools\Binn\;C:\Program Files\Java\jdk1.8.0_31\bin;C:\Program Files\MySQL\MySQL Server 5.5\bin;C:\Users\samsung\AppData\Local\Android\sdk\platform-tools;C:\Program Files (x86)\Windows Kits\8.1\Windows Performance Toolkit\;C:\Program Files\Microsoft SQL Server\110\Tools\Binn\;C:\Program Files\nodejs\;C:\Program Files (x86)\Heroku\bin;C:\Program Files (x86)\git\cmd;C:\Program Files (x86)\git\bin;C:\Program Files\Bandizip\7z;C:\Users\samsung\AppData\Roaming\npm;C:\Users\samsung\AppData\Local\atom\bin;C:\Users\samsung\AppData\Local\Programs\Git\cmd;C:\apache-maven-3.3.9\bin
USERNAME=samsung
OS=Windows_NT
PROCESSOR_IDENTIFIER=Intel64 Family 6 Model 60 Stepping 3, GenuineIntel



---------------  S Y S T E M  ---------------

OS: Windows 8.1 , 64 bit Build 9600 

CPU:total 8 (4 cores per cpu, 2 threads per core) family 6 model 60 stepping 3, cmov, cx8, fxsr, mmx, sse, sse2, sse3, ssse3, sse4.1, sse4.2, popcnt, avx, avx2, aes, clmul, erms, lzcnt, ht, tsc, tscinvbit, bmi1, bmi2

Memory: 4k page, physical 8300920k(1686068k free), swap 8300920k(350592k free)

vm_info: Java HotSpot(TM) 64-Bit Server VM (25.31-b07) for windows-amd64 JRE (1.8.0_31-b13), built on Dec 17 2014 21:00:28 by "java_re" with MS VC++ 10.0 (VS2010)

time: Tue Jun 28 18:02:03 2016
elapsed time: 6 seconds (0d 0h 0m 6s)

