#
# There is insufficient memory for the Java Runtime Environment to continue.
# Native memory allocation (malloc) failed to allocate 180496 bytes for Chunk::new
# Possible reasons:
#   The system is out of physical RAM or swap space
#   In 32 bit mode, the process size limit was hit
# Possible solutions:
#   Reduce memory load on the system
#   Increase physical memory or swap space
#   Check if swap backing store is full
#   Use 64 bit Java on a 64 bit OS
#   Decrease Java heap size (-Xmx/-Xms)
#   Decrease number of Java threads
#   Decrease Java thread stack sizes (-Xss)
#   Set larger code cache with -XX:ReservedCodeCacheSize=
# This output file may be truncated or incomplete.
#
#  Out of Memory Error (allocation.cpp:390), pid=9084, tid=7184
#
# JRE version: Java(TM) SE Runtime Environment (8.0_31-b13) (build 1.8.0_31-b13)
# Java VM: Java HotSpot(TM) 64-Bit Server VM (25.31-b07 mixed mode windows-amd64 compressed oops)
# Failed to write core dump. Minidumps are not enabled by default on client versions of Windows
#

---------------  T H R E A D  ---------------

Current thread (0x0000000017a64800):  JavaThread "C2 CompilerThread0" daemon [_thread_in_native, id=7184, stack(0x0000000017fe0000,0x00000000180e0000)]

Stack: [0x0000000017fe0000,0x00000000180e0000]
Native frames: (J=compiled Java code, j=interpreted, Vv=VM code, C=native code)
V  [jvm.dll+0x3169ba]
V  [jvm.dll+0x2674c3]
V  [jvm.dll+0x268103]
V  [jvm.dll+0x25f8f5]
V  [jvm.dll+0xbf025]
V  [jvm.dll+0xbf4cc]
V  [jvm.dll+0x4798bc]
V  [jvm.dll+0x446c9b]
V  [jvm.dll+0x451bce]
V  [jvm.dll+0x4541b8]
V  [jvm.dll+0x437c62]
V  [jvm.dll+0x988e2]
V  [jvm.dll+0x990d3]
V  [jvm.dll+0x22c194]
V  [jvm.dll+0x28576a]
C  [msvcr100.dll+0x21d9f]
C  [msvcr100.dll+0x21e3b]
C  [KERNEL32.DLL+0x18102]
C  [ntdll.dll+0x5c5b4]


Current CompileTask:
C2:  17529 2140       4       com.android.dx.ssa.back.SsaToRop::removePhiFunctions (83 bytes)


---------------  P R O C E S S  ---------------

Java Threads: ( => current thread )
  0x0000000017d9c000 JavaThread "pool-1-thread-1" [_thread_in_Java, id=12940, stack(0x000000001b280000,0x000000001b380000)]
  0x0000000017ac8000 JavaThread "Service Thread" daemon [_thread_blocked, id=7312, stack(0x00000000183e0000,0x00000000184e0000)]
  0x0000000017abf000 JavaThread "C1 CompilerThread3" daemon [_thread_blocked, id=12304, stack(0x00000000182e0000,0x00000000183e0000)]
  0x0000000017abc000 JavaThread "C2 CompilerThread2" daemon [_thread_in_native, id=7540, stack(0x00000000181e0000,0x00000000182e0000)]
  0x0000000017aaf000 JavaThread "C2 CompilerThread1" daemon [_thread_in_native, id=7664, stack(0x00000000180e0000,0x00000000181e0000)]
=>0x0000000017a64800 JavaThread "C2 CompilerThread0" daemon [_thread_in_native, id=7184, stack(0x0000000017fe0000,0x00000000180e0000)]
  0x0000000017a63800 JavaThread "Attach Listener" daemon [_thread_blocked, id=11828, stack(0x0000000017ee0000,0x0000000017fe0000)]
  0x0000000017a62800 JavaThread "Signal Dispatcher" daemon [_thread_blocked, id=8064, stack(0x0000000017de0000,0x0000000017ee0000)]
  0x0000000002ea2000 JavaThread "Finalizer" daemon [_thread_blocked, id=3796, stack(0x00000000178e0000,0x00000000179e0000)]
  0x00000000159cc000 JavaThread "Reference Handler" daemon [_thread_blocked, id=12016, stack(0x00000000177e0000,0x00000000178e0000)]
  0x0000000000ede000 JavaThread "main" [_thread_blocked, id=12684, stack(0x0000000002cb0000,0x0000000002db0000)]

Other Threads:
  0x00000000159c8000 VMThread [stack: 0x00000000176e0000,0x00000000177e0000] [id=1996]
  0x0000000017add000 WatcherThread [stack: 0x00000000184e0000,0x00000000185e0000] [id=5648]

VM state:not at safepoint (normal execution)

VM Mutex/Monitor currently owned by a thread: None

Heap:
 PSYoungGen      total 291840K, used 118794K [0x00000000eab00000, 0x00000000fef00000, 0x0000000100000000)
  eden space 262656K, 35% used [0x00000000eab00000,0x00000000f06aca48,0x00000000fab80000)
  from space 29184K, 85% used [0x00000000fcb80000,0x00000000fe3d6080,0x00000000fe800000)
  to   space 32768K, 0% used [0x00000000fab80000,0x00000000fab80000,0x00000000fcb80000)
 ParOldGen       total 87552K, used 45203K [0x00000000c0000000, 0x00000000c5580000, 0x00000000eab00000)
  object space 87552K, 51% used [0x00000000c0000000,0x00000000c2c24ea8,0x00000000c5580000)
 Metaspace       used 6634K, capacity 7320K, committed 7680K, reserved 1056768K
  class space    used 623K, capacity 656K, committed 768K, reserved 1048576K

Card table byte_map: [0x0000000012270000,0x0000000012480000] byte_map_base: 0x0000000011c70000

Marking Bits: (ParMarkBitMap*) 0x0000000064ebd4f0
 Begin Bits: [0x0000000012de0000, 0x0000000013de0000)
 End Bits:   [0x0000000013de0000, 0x0000000014de0000)

Polling page: 0x00000000011c0000

CodeCache: size=245760Kb used=9038Kb max_used=9038Kb free=236721Kb
 bounds [0x0000000002eb0000, 0x0000000003790000, 0x0000000011eb0000]
 total_blobs=2435 nmethods=2168 adapters=180
 compilation: enabled

Compilation events (10 events):
Event: 17.358 Thread 0x0000000017abf000 2277  s    2       com.android.dx.dex.file.ProtoIdsSection::intern (55 bytes)
Event: 17.359 Thread 0x0000000017abf000 nmethod 2277 0x0000000003773350 code [0x0000000003773500, 0x0000000003773a28]
Event: 17.360 Thread 0x0000000017abf000 2280       2       com.android.dx.dex.file.ProtoIdItem::makeShortForm (74 bytes)
Event: 17.363 Thread 0x0000000017abf000 nmethod 2280 0x0000000003772050 code [0x0000000003772240, 0x0000000003772948]
Event: 17.363 Thread 0x0000000017abf000 2281       2       com.android.dx.dex.file.TypeListItem::<init> (21 bytes)
Event: 17.364 Thread 0x0000000017abf000 nmethod 2281 0x0000000003771c50 code [0x0000000003771dc0, 0x0000000003771f98]
Event: 17.364 Thread 0x0000000017abf000 2279       2       java.lang.StringBuilder::<init> (6 bytes)
Event: 17.364 Thread 0x0000000017abf000 nmethod 2279 0x0000000003771850 code [0x00000000037719a0, 0x0000000003771b90]
Event: 17.364 Thread 0x0000000017abf000 2282       2       com.android.dx.dex.file.ProtoIdItem::<init> (60 bytes)
Event: 17.366 Thread 0x0000000017abf000 nmethod 2282 0x0000000003789a50 code [0x0000000003789be0, 0x0000000003789f48]

GC Heap History (10 events):
Event: 8.843 GC heap before
{Heap before GC invocations=2 (full 0):
 PSYoungGen      total 38400K, used 38150K [0x00000000eab00000, 0x00000000ef600000, 0x0000000100000000)
  eden space 33280K, 100% used [0x00000000eab00000,0x00000000ecb80000,0x00000000ecb80000)
  from space 5120K, 95% used [0x00000000ecb80000,0x00000000ed041a68,0x00000000ed080000)
  to   space 5120K, 0% used [0x00000000ef100000,0x00000000ef100000,0x00000000ef600000)
 ParOldGen       total 87552K, used 16K [0x00000000c0000000, 0x00000000c5580000, 0x00000000eab00000)
  object space 87552K, 0% used [0x00000000c0000000,0x00000000c0004000,0x00000000c5580000)
 Metaspace       used 6158K, capacity 7024K, committed 7296K, reserved 1056768K
  class space    used 596K, capacity 616K, committed 640K, reserved 1048576K
Event: 9.072 GC heap after
Heap after GC invocations=2 (full 0):
 PSYoungGen      total 71680K, used 5107K [0x00000000eab00000, 0x00000000ef600000, 0x0000000100000000)
  eden space 66560K, 0% used [0x00000000eab00000,0x00000000eab00000,0x00000000eec00000)
  from space 5120K, 99% used [0x00000000ef100000,0x00000000ef5fcf90,0x00000000ef600000)
  to   space 5120K, 0% used [0x00000000eec00000,0x00000000eec00000,0x00000000ef100000)
 ParOldGen       total 87552K, used 2975K [0x00000000c0000000, 0x00000000c5580000, 0x00000000eab00000)
  object space 87552K, 3% used [0x00000000c0000000,0x00000000c02e7db0,0x00000000c5580000)
 Metaspace       used 6158K, capacity 7024K, committed 7296K, reserved 1056768K
  class space    used 596K, capacity 616K, committed 640K, reserved 1048576K
}
Event: 11.241 GC heap before
{Heap before GC invocations=3 (full 0):
 PSYoungGen      total 71680K, used 71667K [0x00000000eab00000, 0x00000000ef600000, 0x0000000100000000)
  eden space 66560K, 100% used [0x00000000eab00000,0x00000000eec00000,0x00000000eec00000)
  from space 5120K, 99% used [0x00000000ef100000,0x00000000ef5fcf90,0x00000000ef600000)
  to   space 5120K, 0% used [0x00000000eec00000,0x00000000eec00000,0x00000000ef100000)
 ParOldGen       total 87552K, used 2975K [0x00000000c0000000, 0x00000000c5580000, 0x00000000eab00000)
  object space 87552K, 3% used [0x00000000c0000000,0x00000000c02e7db0,0x00000000c5580000)
 Metaspace       used 6273K, capacity 7152K, committed 7296K, reserved 1056768K
  class space    used 596K, capacity 616K, committed 640K, reserved 1048576K
Event: 11.291 GC heap after
Heap after GC invocations=3 (full 0):
 PSYoungGen      total 71680K, used 5117K [0x00000000eab00000, 0x00000000f3700000, 0x0000000100000000)
  eden space 66560K, 0% used [0x00000000eab00000,0x00000000eab00000,0x00000000eec00000)
  from space 5120K, 99% used [0x00000000eec00000,0x00000000ef0ff5b0,0x00000000ef100000)
  to   space 5120K, 0% used [0x00000000f3200000,0x00000000f3200000,0x00000000f3700000)
 ParOldGen       total 87552K, used 14029K [0x00000000c0000000, 0x00000000c5580000, 0x00000000eab00000)
  object space 87552K, 16% used [0x00000000c0000000,0x00000000c0db34f8,0x00000000c5580000)
 Metaspace       used 6273K, capacity 7152K, committed 7296K, reserved 1056768K
  class space    used 596K, capacity 616K, committed 640K, reserved 1048576K
}
Event: 11.882 GC heap before
{Heap before GC invocations=4 (full 0):
 PSYoungGen      total 71680K, used 71677K [0x00000000eab00000, 0x00000000f3700000, 0x0000000100000000)
  eden space 66560K, 100% used [0x00000000eab00000,0x00000000eec00000,0x00000000eec00000)
  from space 5120K, 99% used [0x00000000eec00000,0x00000000ef0ff5b0,0x00000000ef100000)
  to   space 5120K, 0% used [0x00000000f3200000,0x00000000f3200000,0x00000000f3700000)
 ParOldGen       total 87552K, used 14029K [0x00000000c0000000, 0x00000000c5580000, 0x00000000eab00000)
  object space 87552K, 16% used [0x00000000c0000000,0x00000000c0db34f8,0x00000000c5580000)
 Metaspace       used 6316K, capacity 7152K, committed 7296K, reserved 1056768K
  class space    used 596K, capacity 616K, committed 640K, reserved 1048576K
Event: 11.973 GC heap after
Heap after GC invocations=4 (full 0):
 PSYoungGen      total 138240K, used 5115K [0x00000000eab00000, 0x00000000f3700000, 0x0000000100000000)
  eden space 133120K, 0% used [0x00000000eab00000,0x00000000eab00000,0x00000000f2d00000)
  from space 5120K, 99% used [0x00000000f3200000,0x00000000f36feef0,0x00000000f3700000)
  to   space 5120K, 0% used [0x00000000f2d00000,0x00000000f2d00000,0x00000000f3200000)
 ParOldGen       total 87552K, used 23866K [0x00000000c0000000, 0x00000000c5580000, 0x00000000eab00000)
  object space 87552K, 27% used [0x00000000c0000000,0x00000000c174ebd8,0x00000000c5580000)
 Metaspace       used 6316K, capacity 7152K, committed 7296K, reserved 1056768K
  class space    used 596K, capacity 616K, committed 640K, reserved 1048576K
}
Event: 13.904 GC heap before
{Heap before GC invocations=5 (full 0):
 PSYoungGen      total 138240K, used 138235K [0x00000000eab00000, 0x00000000f3700000, 0x0000000100000000)
  eden space 133120K, 100% used [0x00000000eab00000,0x00000000f2d00000,0x00000000f2d00000)
  from space 5120K, 99% used [0x00000000f3200000,0x00000000f36feef0,0x00000000f3700000)
  to   space 5120K, 0% used [0x00000000f2d00000,0x00000000f2d00000,0x00000000f3200000)
 ParOldGen       total 87552K, used 23866K [0x00000000c0000000, 0x00000000c5580000, 0x00000000eab00000)
  object space 87552K, 27% used [0x00000000c0000000,0x00000000c174ebd8,0x00000000c5580000)
 Metaspace       used 6492K, capacity 7256K, committed 7424K, reserved 1056768K
  class space    used 617K, capacity 656K, committed 768K, reserved 1048576K
Event: 14.050 GC heap after
Heap after GC invocations=5 (full 0):
 PSYoungGen      total 138240K, used 5098K [0x00000000eab00000, 0x00000000fe800000, 0x0000000100000000)
  eden space 133120K, 0% used [0x00000000eab00000,0x00000000eab00000,0x00000000f2d00000)
  from space 5120K, 99% used [0x00000000f2d00000,0x00000000f31fab38,0x00000000f3200000)
  to   space 29184K, 0% used [0x00000000fcb80000,0x00000000fcb80000,0x00000000fe800000)
 ParOldGen       total 87552K, used 45203K [0x00000000c0000000, 0x00000000c5580000, 0x00000000eab00000)
  object space 87552K, 51% used [0x00000000c0000000,0x00000000c2c24ea8,0x00000000c5580000)
 Metaspace       used 6492K, capacity 7256K, committed 7424K, reserved 1056768K
  class space    used 617K, capacity 656K, committed 768K, reserved 1048576K
}
Event: 15.662 GC heap before
{Heap before GC invocations=6 (full 0):
 PSYoungGen      total 138240K, used 138218K [0x00000000eab00000, 0x00000000fe800000, 0x0000000100000000)
  eden space 133120K, 100% used [0x00000000eab00000,0x00000000f2d00000,0x00000000f2d00000)
  from space 5120K, 99% used [0x00000000f2d00000,0x00000000f31fab38,0x00000000f3200000)
  to   space 29184K, 0% used [0x00000000fcb80000,0x00000000fcb80000,0x00000000fe800000)
 ParOldGen       total 87552K, used 45203K [0x00000000c0000000, 0x00000000c5580000, 0x00000000eab00000)
  object space 87552K, 51% used [0x00000000c0000000,0x00000000c2c24ea8,0x00000000c5580000)
 Metaspace       used 6518K, capacity 7256K, committed 7424K, reserved 1056768K
  class space    used 617K, capacity 656K, committed 768K, reserved 1048576K
Event: 15.887 GC heap after
Heap after GC invocations=6 (full 0):
 PSYoungGen      total 291840K, used 24920K [0x00000000eab00000, 0x00000000fef00000, 0x0000000100000000)
  eden space 262656K, 0% used [0x00000000eab00000,0x00000000eab00000,0x00000000fab80000)
  from space 29184K, 85% used [0x00000000fcb80000,0x00000000fe3d6080,0x00000000fe800000)
  to   space 32768K, 0% used [0x00000000fab80000,0x00000000fab80000,0x00000000fcb80000)
 ParOldGen       total 87552K, used 45203K [0x00000000c0000000, 0x00000000c5580000, 0x00000000eab00000)
  object space 87552K, 51% used [0x00000000c0000000,0x00000000c2c24ea8,0x00000000c5580000)
 Metaspace       used 6518K, capacity 7256K, committed 7424K, reserved 1056768K
  class space    used 617K, capacity 656K, committed 768K, reserved 1048576K
}

Deoptimization events (10 events):
Event: 13.875 Thread 0x0000000017d9c000 Uncommon trap: reason=bimorphic action=maybe_recompile pc=0x00000000036bf434 method=com.android.dx.cf.code.BytecodeArray.parseInstruction(ILcom/android/dx/cf/code/BytecodeArray$Visitor;)I @ 1357
Event: 13.877 Thread 0x0000000017d9c000 Uncommon trap: reason=bimorphic action=maybe_recompile pc=0x00000000036bf434 method=com.android.dx.cf.code.BytecodeArray.parseInstruction(ILcom/android/dx/cf/code/BytecodeArray$Visitor;)I @ 1357
Event: 13.885 Thread 0x0000000017ddc000 Uncommon trap: reason=bimorphic action=maybe_recompile pc=0x0000000003598840 method=com.android.dx.ssa.LiteralOpUpgrader.tryReplacingWithConstant(Lcom/android/dx/ssa/NormalSsaInsn;)Z @ 62
Event: 16.000 Thread 0x0000000017ddc000 Uncommon trap: reason=unreached action=reinterpret pc=0x0000000003596de8 method=java.util.HashMap.resize()[Ljava/util/HashMap$Node; @ 206
Event: 16.514 Thread 0x0000000017da0800 Uncommon trap: reason=unreached action=reinterpret pc=0x00000000037292cc method=com.android.dx.cf.code.BytecodeArray.parseInstruction(ILcom/android/dx/cf/code/BytecodeArray$Visitor;)I @ 1261
Event: 16.571 Thread 0x0000000017d9c000 Uncommon trap: reason=class_check action=maybe_recompile pc=0x000000000337c6a4 method=java.util.Arrays.hashCode([Ljava/lang/Object;)I @ 43
Event: 16.571 Thread 0x0000000017d9c000 Uncommon trap: reason=class_check action=maybe_recompile pc=0x000000000337c6a4 method=java.util.Arrays.hashCode([Ljava/lang/Object;)I @ 43
Event: 16.571 Thread 0x0000000017d9c000 Uncommon trap: reason=class_check action=maybe_recompile pc=0x000000000337c6a4 method=java.util.Arrays.hashCode([Ljava/lang/Object;)I @ 43
Event: 16.572 Thread 0x0000000017d9c000 Uncommon trap: reason=class_check action=maybe_recompile pc=0x000000000337c6a4 method=java.util.Arrays.hashCode([Ljava/lang/Object;)I @ 43
Event: 16.572 Thread 0x0000000017d9c000 Uncommon trap: reason=class_check action=maybe_recompile pc=0x000000000336e048 method=java.util.Arrays.hashCode([Ljava/lang/Object;)I @ 43

Internal exceptions (10 events):
Event: 8.127 Thread 0x0000000017d99000 Exception <a 'java/security/PrivilegedActionException'> (0x00000000ec054d28) thrown at [C:\workspace\8-2-build-windows-amd64-cygwin\jdk8u31\2394\hotspot\src\share\vm\prims\jvm.cpp, line 1312]
Event: 10.033 Thread 0x0000000000ede000 Exception <a 'java/security/PrivilegedActionException'> (0x00000000ebdb72d8) thrown at [C:\workspace\8-2-build-windows-amd64-cygwin\jdk8u31\2394\hotspot\src\share\vm\prims\jvm.cpp, line 1312]
Event: 12.686 Thread 0x0000000017da0800 Implicit null exception at 0x000000000355c4d3 to 0x000000000355dac9
Event: 13.233 Thread 0x0000000017d99000 Exception <a 'java/lang/ArrayIndexOutOfBoundsException': 18> (0x00000000efc40a68) thrown at [C:\workspace\8-2-build-windows-amd64-cygwin\jdk8u31\2394\hotspot\src\share\vm\interpreter\interpreterRuntime.cpp, line 366]
Event: 13.234 Thread 0x0000000017d99000 Exception <a 'java/lang/ArrayIndexOutOfBoundsException': 145> (0x00000000efc42500) thrown at [C:\workspace\8-2-build-windows-amd64-cygwin\jdk8u31\2394\hotspot\src\share\vm\interpreter\interpreterRuntime.cpp, line 366]
Event: 13.237 Thread 0x0000000017d99000 Exception <a 'java/lang/ArrayIndexOutOfBoundsException'> (0x00000000efc43718) thrown at [C:\workspace\8-2-build-windows-amd64-cygwin\jdk8u31\2394\hotspot\src\share\vm\runtime\sharedRuntime.cpp, line 604]
Event: 16.538 Thread 0x0000000000ede000 Exception <a 'java/security/PrivilegedActionException'> (0x00000000efd563a0) thrown at [C:\workspace\8-2-build-windows-amd64-cygwin\jdk8u31\2394\hotspot\src\share\vm\prims\jvm.cpp, line 1312]
Event: 16.573 Thread 0x0000000017d9c000 Exception <a 'java/security/PrivilegedActionException'> (0x00000000eff55aa0) thrown at [C:\workspace\8-2-build-windows-amd64-cygwin\jdk8u31\2394\hotspot\src\share\vm\prims\jvm.cpp, line 1312]
Event: 16.692 Thread 0x0000000017d9c000 Exception <a 'java/security/PrivilegedActionException'> (0x00000000f0024530) thrown at [C:\workspace\8-2-build-windows-amd64-cygwin\jdk8u31\2394\hotspot\src\share\vm\prims\jvm.cpp, line 1312]
Event: 17.344 Thread 0x0000000017d9c000 Exception <a 'java/security/PrivilegedActionException'> (0x00000000f0548c58) thrown at [C:\workspace\8-2-build-windows-amd64-cygwin\jdk8u31\2394\hotspot\src\share\vm\prims\jvm.cpp, line 1312]

Events (10 events):
Event: 16.572 loading class com/android/dx/rop/cst/Zeroes
Event: 16.573 loading class com/android/dx/rop/cst/Zeroes done
Event: 16.692 loading class com/android/dx/dex/file/CatchStructs
Event: 16.692 loading class com/android/dx/dex/file/CatchStructs done
Event: 16.732 Thread 0x0000000017d9c000 DEOPT PACKING pc=0x000000000375fa14 sp=0x000000001b37ed50
Event: 16.732 Thread 0x0000000017d9c000 DEOPT UNPACKING pc=0x0000000002ef75bf sp=0x000000001b37eae0 mode 0
Event: 17.291 Thread 0x0000000017d9c000 DEOPT PACKING pc=0x000000000372066a sp=0x000000001b37ec50
Event: 17.291 Thread 0x0000000017d9c000 DEOPT UNPACKING pc=0x0000000002ef75bf sp=0x000000001b37e978 mode 0
Event: 17.344 loading class com/android/dx/dex/file/ProtoIdItem
Event: 17.344 loading class com/android/dx/dex/file/ProtoIdItem done


Dynamic libraries:
0x00007ff7d0ef0000 - 0x00007ff7d0f24000 	C:\Program Files\Java\jdk1.8.0_31\bin\java.exe
0x00007ffc1fa10000 - 0x00007ffc1fbd1000 	C:\WINDOWS\SYSTEM32\ntdll.dll
0x00007ffc1f0f0000 - 0x00007ffc1f19d000 	C:\WINDOWS\system32\KERNEL32.DLL
0x00007ffc1c3d0000 - 0x00007ffc1c5b8000 	C:\WINDOWS\system32\KERNELBASE.dll
0x00007ffc1d580000 - 0x00007ffc1d627000 	C:\WINDOWS\system32\ADVAPI32.dll
0x00007ffc1cee0000 - 0x00007ffc1cf7d000 	C:\WINDOWS\system32\msvcrt.dll
0x00007ffc1f300000 - 0x00007ffc1f35b000 	C:\WINDOWS\system32\sechost.dll
0x00007ffc1d030000 - 0x00007ffc1d14c000 	C:\WINDOWS\system32\RPCRT4.dll
0x00007ffc1f1a0000 - 0x00007ffc1f2f6000 	C:\WINDOWS\system32\USER32.dll
0x00007ffc1f880000 - 0x00007ffc1fa06000 	C:\WINDOWS\system32\GDI32.dll
0x00007ffc16b30000 - 0x00007ffc16da4000 	C:\WINDOWS\WinSxS\amd64_microsoft.windows.common-controls_6595b64144ccf1df_6.0.10586.0_none_8c15ae12515e1c22\COMCTL32.dll
0x00007ffc1d150000 - 0x00007ffc1d3cd000 	C:\WINDOWS\system32\combase.dll
0x00007ffc1cda0000 - 0x00007ffc1ce0a000 	C:\WINDOWS\system32\bcryptPrimitives.dll
0x00007ffc1f020000 - 0x00007ffc1f05b000 	C:\WINDOWS\system32\IMM32.DLL
0x0000000064230000 - 0x0000000064302000 	C:\Program Files\Java\jdk1.8.0_31\jre\bin\msvcr100.dll
0x00000000646e0000 - 0x0000000064f3a000 	C:\Program Files\Java\jdk1.8.0_31\jre\bin\server\jvm.dll
0x00007ffc1f360000 - 0x00007ffc1f368000 	C:\WINDOWS\system32\PSAPI.DLL
0x00007ffc0d490000 - 0x00007ffc0d499000 	C:\WINDOWS\SYSTEM32\WSOCK32.dll
0x00007ffc1f080000 - 0x00007ffc1f0eb000 	C:\WINDOWS\system32\WS2_32.dll
0x00007ffc1a700000 - 0x00007ffc1a723000 	C:\WINDOWS\SYSTEM32\WINMM.dll
0x00007ffc1a2e0000 - 0x00007ffc1a30c000 	C:\WINDOWS\SYSTEM32\WINMMBASE.dll
0x00007ffc1cd50000 - 0x00007ffc1cd93000 	C:\WINDOWS\system32\cfgmgr32.dll
0x0000000065aa0000 - 0x0000000065aaf000 	C:\Program Files\Java\jdk1.8.0_31\jre\bin\verify.dll
0x00000000646b0000 - 0x00000000646d8000 	C:\Program Files\Java\jdk1.8.0_31\jre\bin\java.dll
0x0000000064690000 - 0x00000000646a6000 	C:\Program Files\Java\jdk1.8.0_31\jre\bin\zip.dll
0x00007ffc1dac0000 - 0x00007ffc1f01c000 	C:\WINDOWS\system32\SHELL32.dll
0x00007ffc1c700000 - 0x00007ffc1cd44000 	C:\WINDOWS\system32\windows.storage.dll
0x00007ffc1f380000 - 0x00007ffc1f3d2000 	C:\WINDOWS\system32\shlwapi.dll
0x00007ffc1c0b0000 - 0x00007ffc1c0bf000 	C:\WINDOWS\system32\kernel.appcore.dll
0x00007ffc1c640000 - 0x00007ffc1c6f5000 	C:\WINDOWS\system32\shcore.dll
0x00007ffc1c060000 - 0x00007ffc1c0ab000 	C:\WINDOWS\system32\powrprof.dll
0x00007ffc1c040000 - 0x00007ffc1c054000 	C:\WINDOWS\system32\profapi.dll
0x00007ffc089f0000 - 0x00007ffc08b7c000 	C:\WINDOWS\SYSTEM32\dbghelp.dll

VM Arguments:
jvm_args: -Djava.awt.headless=true -Xmx1024M -Dfile.encoding=x-windows-949 -Duser.country=KR -Duser.language=ko -Duser.variant 
java_command: com.android.dx.command.Main --dex --force-jumbo --num-threads=4 --multi-dex --output C:\Users\samsung\Documents\AndroidWorkSpace\MyDaumMap\app\build\intermediates\transforms\dex\debug\folders\1000\10\com.android.support-support-v4-24.0.0_71425edb5c96955b5179d0410af619bc463dcc80 C:\Users\samsung\Documents\AndroidWorkSpace\MyDaumMap\app\build\intermediates\exploded-aar\com.android.support\support-v4\24.0.0\jars\classes.jar
java_class_path (initial): C:\Users\samsung\AppData\Local\Android\sdk\build-tools\24.0.0\lib\dx.jar
Launcher Type: SUN_STANDARD

Environment Variables:
JAVA_HOME=C:\Program Files\Java\jdk1.8.0_31
CLASSPATH=.
PATH=C:\oraclexe\app\oracle\product\11.2.0\server\bin;;C:\ProgramData\Oracle\Java\javapath;C:\Program Files (x86)\Wizvera\Delfino;C:\Program Files (x86)\NVIDIA Corporation\PhysX\Common;C:\Program Files (x86)\Intel\iCLS Client\;C:\Program Files\Intel\iCLS Client\;C:\WINDOWS\system32;C:\WINDOWS;C:\WINDOWS\System32\Wbem;C:\WINDOWS\System32\WindowsPowerShell\v1.0\;C:\Program Files\Intel\Intel(R) Management Engine Components\DAL;C:\Program Files\Intel\Intel(R) Management Engine Components\IPT;C:\Program Files (x86)\Intel\Intel(R) Management Engine Components\DAL;C:\Program Files (x86)\Intel\Intel(R) Management Engine Components\IPT;C:\Program Files\Intel\WiFi\bin\;C:\Program Files\Common Files\Intel\WirelessCommon\;c:\Program Files (x86)\Microsoft SQL Server\100\Tools\Binn\;c:\Program Files\Microsoft SQL Server\100\Tools\Binn\;C:\Program Files\Java\jdk1.8.0_31\bin;C:\Program Files\MySQL\MySQL Server 5.5\bin;C:\Users\samsung\AppData\Local\Android\sdk\platform-tools;C:\Program Files (x86)\Windows Kits\8.1\Windows Performance Toolkit\;C:\Program Files\Microsoft SQL Server\110\Tools\Binn\;C:\Program Files\nodejs\;C:\Program Files (x86)\Heroku\bin;C:\Program Files (x86)\git\cmd;C:\Program Files (x86)\git\bin;C:\Program Files\Bandizip\7z;C:\Users\samsung\AppData\Roaming\npm;C:\Users\samsung\AppData\Local\atom\bin;C:\Users\samsung\AppData\Local\Programs\Git\cmd;C:\apache-maven-3.3.9\bin
USERNAME=samsung
OS=Windows_NT
PROCESSOR_IDENTIFIER=Intel64 Family 6 Model 60 Stepping 3, GenuineIntel



---------------  S Y S T E M  ---------------

OS: Windows 8.1 , 64 bit Build 9600 

CPU:total 8 (4 cores per cpu, 2 threads per core) family 6 model 60 stepping 3, cmov, cx8, fxsr, mmx, sse, sse2, sse3, ssse3, sse4.1, sse4.2, popcnt, avx, avx2, aes, clmul, erms, lzcnt, ht, tsc, tscinvbit, bmi1, bmi2

Memory: 4k page, physical 8300920k(1617612k free), swap 8300920k(1360k free)

vm_info: Java HotSpot(TM) 64-Bit Server VM (25.31-b07) for windows-amd64 JRE (1.8.0_31-b13), built on Dec 17 2014 21:00:28 by "java_re" with MS VC++ 10.0 (VS2010)

time: Tue Jun 28 17:21:10 2016
elapsed time: 17 seconds (0d 0h 0m 17s)

