#
# There is insufficient memory for the Java Runtime Environment to continue.
# Native memory allocation (malloc) failed to allocate 146576 bytes for Chunk::new
# Possible reasons:
#   The system is out of physical RAM or swap space
#   In 32 bit mode, the process size limit was hit
# Possible solutions:
#   Reduce memory load on the system
#   Increase physical memory or swap space
#   Check if swap backing store is full
#   Use 64 bit Java on a 64 bit OS
#   Decrease Java heap size (-Xmx/-Xms)
#   Decrease number of Java threads
#   Decrease Java thread stack sizes (-Xss)
#   Set larger code cache with -XX:ReservedCodeCacheSize=
# This output file may be truncated or incomplete.
#
#  Out of Memory Error (allocation.cpp:390), pid=6904, tid=12736
#
# JRE version: Java(TM) SE Runtime Environment (8.0_31-b13) (build 1.8.0_31-b13)
# Java VM: Java HotSpot(TM) 64-Bit Server VM (25.31-b07 mixed mode windows-amd64 compressed oops)
# Failed to write core dump. Minidumps are not enabled by default on client versions of Windows
#

---------------  T H R E A D  ---------------

Current thread (0x0000000017a55000):  JavaThread "C2 CompilerThread0" daemon [_thread_in_native, id=12736, stack(0x0000000017fd0000,0x00000000180d0000)]

Stack: [0x0000000017fd0000,0x00000000180d0000]
Native frames: (J=compiled Java code, j=interpreted, Vv=VM code, C=native code)
V  [jvm.dll+0x3169ba]
V  [jvm.dll+0x2674c3]
V  [jvm.dll+0x268103]
V  [jvm.dll+0x25f8f5]
V  [jvm.dll+0xbf025]
V  [jvm.dll+0xbf4cc]
V  [jvm.dll+0xbf774]
V  [jvm.dll+0xdd185]
V  [jvm.dll+0x496664]
V  [jvm.dll+0x4a24a5]
V  [jvm.dll+0x4af32f]
V  [jvm.dll+0x4b15a8]
V  [jvm.dll+0x4b16ab]
V  [jvm.dll+0x4b16f7]
V  [jvm.dll+0x49f7e3]
V  [jvm.dll+0x453401]
V  [jvm.dll+0x454124]
V  [jvm.dll+0x437c62]
V  [jvm.dll+0x988e2]
V  [jvm.dll+0x990d3]
V  [jvm.dll+0x22c194]
V  [jvm.dll+0x28576a]
C  [msvcr100.dll+0x21d9f]
C  [msvcr100.dll+0x21e3b]
C  [KERNEL32.DLL+0x18102]
C  [ntdll.dll+0x5c5b4]


Current CompileTask:
C2:   9856 2266       4       com.android.dx.dex.code.LocalList::make (102 bytes)


---------------  P R O C E S S  ---------------

Java Threads: ( => current thread )
  0x0000000017d79000 JavaThread "pool-1-thread-1" [_thread_in_Java, id=12884, stack(0x000000001b270000,0x000000001b370000)]
  0x0000000017af0000 JavaThread "Service Thread" daemon [_thread_blocked, id=12724, stack(0x00000000183d0000,0x00000000184d0000)]
  0x0000000017a6a000 JavaThread "C1 CompilerThread3" daemon [_thread_blocked, id=8348, stack(0x00000000182d0000,0x00000000183d0000)]
  0x0000000017a5c000 JavaThread "C2 CompilerThread2" daemon [_thread_blocked, id=10844, stack(0x00000000181d0000,0x00000000182d0000)]
  0x0000000017a58000 JavaThread "C2 CompilerThread1" daemon [_thread_in_native, id=11564, stack(0x00000000180d0000,0x00000000181d0000)]
=>0x0000000017a55000 JavaThread "C2 CompilerThread0" daemon [_thread_in_native, id=12736, stack(0x0000000017fd0000,0x00000000180d0000)]
  0x0000000017a53800 JavaThread "Attach Listener" daemon [_thread_blocked, id=9012, stack(0x0000000017ed0000,0x0000000017fd0000)]
  0x0000000017a52800 JavaThread "Signal Dispatcher" daemon [_thread_blocked, id=12864, stack(0x0000000017dd0000,0x0000000017ed0000)]
  0x0000000002eb8000 JavaThread "Finalizer" daemon [_thread_blocked, id=12148, stack(0x00000000178d0000,0x00000000179d0000)]
  0x00000000159dc000 JavaThread "Reference Handler" daemon [_thread_blocked, id=5352, stack(0x00000000177d0000,0x00000000178d0000)]
  0x0000000002dbe000 JavaThread "main" [_thread_blocked, id=3940, stack(0x0000000002c60000,0x0000000002d60000)]

Other Threads:
  0x00000000159d8000 VMThread [stack: 0x00000000176d0000,0x00000000177d0000] [id=7404]
  0x0000000017afb000 WatcherThread [stack: 0x00000000184d0000,0x00000000185d0000] [id=2348]

VM state:not at safepoint (normal execution)

VM Mutex/Monitor currently owned by a thread: None

Heap:
 PSYoungGen      total 71680K, used 9408K [0x00000000eab00000, 0x00000000f3700000, 0x0000000100000000)
  eden space 66560K, 6% used [0x00000000eab00000,0x00000000eaf31c38,0x00000000eec00000)
  from space 5120K, 99% used [0x00000000eec00000,0x00000000ef0fe638,0x00000000ef100000)
  to   space 5120K, 0% used [0x00000000f3200000,0x00000000f3200000,0x00000000f3700000)
 ParOldGen       total 87552K, used 14787K [0x00000000c0000000, 0x00000000c5580000, 0x00000000eab00000)
  object space 87552K, 16% used [0x00000000c0000000,0x00000000c0e70e60,0x00000000c5580000)
 Metaspace       used 6616K, capacity 7408K, committed 7552K, reserved 1056768K
  class space    used 613K, capacity 616K, committed 640K, reserved 1048576K

Card table byte_map: [0x0000000012280000,0x0000000012490000] byte_map_base: 0x0000000011c80000

Marking Bits: (ParMarkBitMap*) 0x0000000064ebd4f0
 Begin Bits: [0x0000000012df0000, 0x0000000013df0000)
 End Bits:   [0x0000000013df0000, 0x0000000014df0000)

Polling page: 0x0000000002850000

CodeCache: size=245760Kb used=8546Kb max_used=8557Kb free=237213Kb
 bounds [0x0000000002ec0000, 0x0000000003730000, 0x0000000011ec0000]
 total_blobs=2433 nmethods=2166 adapters=180
 compilation: enabled

Compilation events (10 events):
Event: 9.683 Thread 0x0000000017a58000 nmethod 2271 0x0000000003649b10 code [0x0000000003649c40, 0x0000000003649cb8]
Event: 9.685 Thread 0x0000000017a6a000 2272       1       com.android.dx.dex.code.form.Form22c::codeSize (2 bytes)
Event: 9.686 Thread 0x0000000017a6a000 nmethod 2272 0x00000000036e2f90 code [0x00000000036e30e0, 0x00000000036e31f0]
Event: 9.689 Thread 0x0000000017a5c000 2273       4       com.android.dx.dex.code.LocalList$MakeState::aboutToProcess (127 bytes)
Event: 9.691 Thread 0x0000000017a58000 2274       4       com.android.dx.dex.code.OutputFinisher::calculateReservedCount (122 bytes)
Event: 9.711 Thread 0x0000000017a5c000 nmethod 2273 0x00000000036e8b50 code [0x00000000036e8cc0, 0x00000000036e9148]
Event: 9.711 Thread 0x0000000017a5c000 2275       4       com.android.dx.dex.code.StdCatchBuilder::handlersFor (216 bytes)
Event: 9.737 Thread 0x0000000017a58000 nmethod 2274 0x000000000371c950 code [0x000000000371cb20, 0x000000000371d450]
Event: 9.737 Thread 0x0000000017a58000 2276       4       com.android.dx.rop.type.StdTypeList::get (9 bytes)
Event: 9.740 Thread 0x0000000017a58000 nmethod 2276 0x00000000036f7f50 code [0x00000000036f80a0, 0x00000000036f8178]

GC Heap History (6 events):
Event: 2.443 GC heap before
{Heap before GC invocations=1 (full 0):
 PSYoungGen      total 38400K, used 33280K [0x00000000eab00000, 0x00000000ed580000, 0x0000000100000000)
  eden space 33280K, 100% used [0x00000000eab00000,0x00000000ecb80000,0x00000000ecb80000)
  from space 5120K, 0% used [0x00000000ed080000,0x00000000ed080000,0x00000000ed580000)
  to   space 5120K, 0% used [0x00000000ecb80000,0x00000000ecb80000,0x00000000ed080000)
 ParOldGen       total 87552K, used 0K [0x00000000c0000000, 0x00000000c5580000, 0x00000000eab00000)
  object space 87552K, 0% used [0x00000000c0000000,0x00000000c0000000,0x00000000c5580000)
 Metaspace       used 5885K, capacity 6832K, committed 7040K, reserved 1056768K
  class space    used 593K, capacity 616K, committed 640K, reserved 1048576K
Event: 2.588 GC heap after
Heap after GC invocations=1 (full 0):
 PSYoungGen      total 38400K, used 5103K [0x00000000eab00000, 0x00000000ef600000, 0x0000000100000000)
  eden space 33280K, 0% used [0x00000000eab00000,0x00000000eab00000,0x00000000ecb80000)
  from space 5120K, 99% used [0x00000000ecb80000,0x00000000ed07bc50,0x00000000ed080000)
  to   space 5120K, 0% used [0x00000000ef100000,0x00000000ef100000,0x00000000ef600000)
 ParOldGen       total 87552K, used 1094K [0x00000000c0000000, 0x00000000c5580000, 0x00000000eab00000)
  object space 87552K, 1% used [0x00000000c0000000,0x00000000c0111848,0x00000000c5580000)
 Metaspace       used 5885K, capacity 6832K, committed 7040K, reserved 1056768K
  class space    used 593K, capacity 616K, committed 640K, reserved 1048576K
}
Event: 3.891 GC heap before
{Heap before GC invocations=2 (full 0):
 PSYoungGen      total 38400K, used 38383K [0x00000000eab00000, 0x00000000ef600000, 0x0000000100000000)
  eden space 33280K, 100% used [0x00000000eab00000,0x00000000ecb80000,0x00000000ecb80000)
  from space 5120K, 99% used [0x00000000ecb80000,0x00000000ed07bc50,0x00000000ed080000)
  to   space 5120K, 0% used [0x00000000ef100000,0x00000000ef100000,0x00000000ef600000)
 ParOldGen       total 87552K, used 1094K [0x00000000c0000000, 0x00000000c5580000, 0x00000000eab00000)
  object space 87552K, 1% used [0x00000000c0000000,0x00000000c0111848,0x00000000c5580000)
 Metaspace       used 6194K, capacity 7088K, committed 7296K, reserved 1056768K
  class space    used 594K, capacity 616K, committed 640K, reserved 1048576K
Event: 3.974 GC heap after
Heap after GC invocations=2 (full 0):
 PSYoungGen      total 71680K, used 5108K [0x00000000eab00000, 0x00000000ef600000, 0x0000000100000000)
  eden space 66560K, 0% used [0x00000000eab00000,0x00000000eab00000,0x00000000eec00000)
  from space 5120K, 99% used [0x00000000ef100000,0x00000000ef5fd0c8,0x00000000ef600000)
  to   space 5120K, 0% used [0x00000000eec00000,0x00000000eec00000,0x00000000ef100000)
 ParOldGen       total 87552K, used 4636K [0x00000000c0000000, 0x00000000c5580000, 0x00000000eab00000)
  object space 87552K, 5% used [0x00000000c0000000,0x00000000c04872d0,0x00000000c5580000)
 Metaspace       used 6194K, capacity 7088K, committed 7296K, reserved 1056768K
  class space    used 594K, capacity 616K, committed 640K, reserved 1048576K
}
Event: 8.133 GC heap before
{Heap before GC invocations=3 (full 0):
 PSYoungGen      total 71680K, used 71668K [0x00000000eab00000, 0x00000000ef600000, 0x0000000100000000)
  eden space 66560K, 100% used [0x00000000eab00000,0x00000000eec00000,0x00000000eec00000)
  from space 5120K, 99% used [0x00000000ef100000,0x00000000ef5fd0c8,0x00000000ef600000)
  to   space 5120K, 0% used [0x00000000eec00000,0x00000000eec00000,0x00000000ef100000)
 ParOldGen       total 87552K, used 4636K [0x00000000c0000000, 0x00000000c5580000, 0x00000000eab00000)
  object space 87552K, 5% used [0x00000000c0000000,0x00000000c04872d0,0x00000000c5580000)
 Metaspace       used 6417K, capacity 7216K, committed 7296K, reserved 1056768K
  class space    used 601K, capacity 616K, committed 640K, reserved 1048576K
Event: 8.397 GC heap after
Heap after GC invocations=3 (full 0):
 PSYoungGen      total 71680K, used 5113K [0x00000000eab00000, 0x00000000f3700000, 0x0000000100000000)
  eden space 66560K, 0% used [0x00000000eab00000,0x00000000eab00000,0x00000000eec00000)
  from space 5120K, 99% used [0x00000000eec00000,0x00000000ef0fe638,0x00000000ef100000)
  to   space 5120K, 0% used [0x00000000f3200000,0x00000000f3200000,0x00000000f3700000)
 ParOldGen       total 87552K, used 14787K [0x00000000c0000000, 0x00000000c5580000, 0x00000000eab00000)
  object space 87552K, 16% used [0x00000000c0000000,0x00000000c0e70e60,0x00000000c5580000)
 Metaspace       used 6417K, capacity 7216K, committed 7296K, reserved 1056768K
  class space    used 601K, capacity 616K, committed 640K, reserved 1048576K
}

Deoptimization events (10 events):
Event: 7.604 Thread 0x0000000017d79000 Uncommon trap: reason=bimorphic action=maybe_recompile pc=0x00000000036228e8 method=java.util.HashMap.putVal(ILjava/lang/Object;Ljava/lang/Object;ZZ)Ljava/lang/Object; @ 203
Event: 8.604 Thread 0x0000000017d79000 Uncommon trap: reason=speculate_class_check action=maybe_recompile pc=0x00000000031fc5e0 method=com.android.dx.util.FixedSizeList.equals(Ljava/lang/Object;)Z @ 25
Event: 8.604 Thread 0x0000000017d79000 Uncommon trap: reason=class_check action=maybe_recompile pc=0x00000000031e836c method=java.util.Arrays.equals([Ljava/lang/Object;[Ljava/lang/Object;)Z @ 62
Event: 8.605 Thread 0x0000000017d79000 Uncommon trap: reason=speculate_class_check action=maybe_recompile pc=0x00000000031fc5e0 method=com.android.dx.util.FixedSizeList.equals(Ljava/lang/Object;)Z @ 25
Event: 8.605 Thread 0x0000000017d79000 Uncommon trap: reason=class_check action=maybe_recompile pc=0x00000000031e836c method=java.util.Arrays.equals([Ljava/lang/Object;[Ljava/lang/Object;)Z @ 62
Event: 8.605 Thread 0x0000000017d79000 Uncommon trap: reason=speculate_class_check action=maybe_recompile pc=0x00000000031fc5e0 method=com.android.dx.util.FixedSizeList.equals(Ljava/lang/Object;)Z @ 25
Event: 8.605 Thread 0x0000000017d79000 Uncommon trap: reason=class_check action=maybe_recompile pc=0x00000000031e836c method=java.util.Arrays.equals([Ljava/lang/Object;[Ljava/lang/Object;)Z @ 62
Event: 8.605 Thread 0x0000000017d79000 Uncommon trap: reason=speculate_class_check action=maybe_recompile pc=0x00000000031fc5e0 method=com.android.dx.util.FixedSizeList.equals(Ljava/lang/Object;)Z @ 25
Event: 8.605 Thread 0x0000000017d79000 Uncommon trap: reason=class_check action=maybe_recompile pc=0x00000000031e836c method=java.util.Arrays.equals([Ljava/lang/Object;[Ljava/lang/Object;)Z @ 62
Event: 8.742 Thread 0x0000000017d79000 Uncommon trap: reason=unreached action=reinterpret pc=0x0000000003689d38 method=com.android.dx.dex.code.OutputFinisher.findOpcodeForInsn(Lcom/android/dx/dex/code/DalvInsn;Lcom/android/dx/dex/code/Dop;)Lcom/android/dx/dex/code/Dop; @ 1

Internal exceptions (10 events):
Event: 8.504 Thread 0x0000000017d79000 Exception <a 'java/security/PrivilegedActionException'> (0x00000000eabc8180) thrown at [C:\workspace\8-2-build-windows-amd64-cygwin\jdk8u31\2394\hotspot\src\share\vm\prims\jvm.cpp, line 1312]
Event: 8.507 Thread 0x0000000017d79000 Exception <a 'java/security/PrivilegedActionException'> (0x00000000eabce7e0) thrown at [C:\workspace\8-2-build-windows-amd64-cygwin\jdk8u31\2394\hotspot\src\share\vm\prims\jvm.cpp, line 1312]
Event: 8.508 Thread 0x0000000017d79000 Exception <a 'java/security/PrivilegedActionException'> (0x00000000eabd1810) thrown at [C:\workspace\8-2-build-windows-amd64-cygwin\jdk8u31\2394\hotspot\src\share\vm\prims\jvm.cpp, line 1312]
Event: 8.510 Thread 0x0000000017d79000 Exception <a 'java/security/PrivilegedActionException'> (0x00000000eabd6720) thrown at [C:\workspace\8-2-build-windows-amd64-cygwin\jdk8u31\2394\hotspot\src\share\vm\prims\jvm.cpp, line 1312]
Event: 8.512 Thread 0x0000000017d79000 Exception <a 'java/security/PrivilegedActionException'> (0x00000000eabdaeb0) thrown at [C:\workspace\8-2-build-windows-amd64-cygwin\jdk8u31\2394\hotspot\src\share\vm\prims\jvm.cpp, line 1312]
Event: 8.603 Thread 0x0000000017d79000 Exception <a 'java/security/PrivilegedActionException'> (0x00000000eabee428) thrown at [C:\workspace\8-2-build-windows-amd64-cygwin\jdk8u31\2394\hotspot\src\share\vm\prims\jvm.cpp, line 1312]
Event: 8.606 Thread 0x0000000017d79000 Exception <a 'java/security/PrivilegedActionException'> (0x00000000eabf1998) thrown at [C:\workspace\8-2-build-windows-amd64-cygwin\jdk8u31\2394\hotspot\src\share\vm\prims\jvm.cpp, line 1312]
Event: 8.609 Thread 0x0000000017d79000 Exception <a 'java/security/PrivilegedActionException'> (0x00000000eabf4c08) thrown at [C:\workspace\8-2-build-windows-amd64-cygwin\jdk8u31\2394\hotspot\src\share\vm\prims\jvm.cpp, line 1312]
Event: 8.745 Thread 0x0000000017d79000 Exception <a 'java/security/PrivilegedActionException'> (0x00000000eac22c10) thrown at [C:\workspace\8-2-build-windows-amd64-cygwin\jdk8u31\2394\hotspot\src\share\vm\prims\jvm.cpp, line 1312]
Event: 8.954 Thread 0x0000000017d79000 Exception <a 'java/security/PrivilegedActionException'> (0x00000000eac999e0) thrown at [C:\workspace\8-2-build-windows-amd64-cygwin\jdk8u31\2394\hotspot\src\share\vm\prims\jvm.cpp, line 1312]

Events (10 events):
Event: 8.745 loading class com/android/dx/rop/code/RegisterSpecList$Expander
Event: 8.745 loading class com/android/dx/rop/code/RegisterSpecList$Expander done
Event: 8.954 loading class com/android/dx/rop/code/RegisterSpec$1
Event: 8.954 loading class com/android/dx/rop/code/RegisterSpec$1 done
Event: 9.493 Thread 0x0000000017d79000 DEOPT PACKING pc=0x0000000003699b69 sp=0x000000001b36eff0
Event: 9.493 Thread 0x0000000017d79000 DEOPT UNPACKING pc=0x0000000002f075bf sp=0x000000001b36ed68 mode 0
Event: 9.493 Thread 0x0000000017d79000 DEOPT PACKING pc=0x000000000369ebe0 sp=0x000000001b36ef00
Event: 9.493 Thread 0x0000000017d79000 DEOPT UNPACKING pc=0x0000000002f075bf sp=0x000000001b36ed48 mode 0
Event: 9.691 Thread 0x0000000017d79000 DEOPT PACKING pc=0x000000000368c69e sp=0x000000001b36ef10
Event: 9.691 Thread 0x0000000017d79000 DEOPT UNPACKING pc=0x0000000002f075bf sp=0x000000001b36ec68 mode 0


Dynamic libraries:
0x00007ff7d0ef0000 - 0x00007ff7d0f24000 	C:\Program Files\Java\jdk1.8.0_31\bin\java.exe
0x00007ffc1fa10000 - 0x00007ffc1fbd1000 	C:\WINDOWS\SYSTEM32\ntdll.dll
0x00007ffc1f0f0000 - 0x00007ffc1f19d000 	C:\WINDOWS\system32\KERNEL32.DLL
0x00007ffc1c3d0000 - 0x00007ffc1c5b8000 	C:\WINDOWS\system32\KERNELBASE.dll
0x00007ffc1d580000 - 0x00007ffc1d627000 	C:\WINDOWS\system32\ADVAPI32.dll
0x00007ffc1cee0000 - 0x00007ffc1cf7d000 	C:\WINDOWS\system32\msvcrt.dll
0x00007ffc1f300000 - 0x00007ffc1f35b000 	C:\WINDOWS\system32\sechost.dll
0x00007ffc1d030000 - 0x00007ffc1d14c000 	C:\WINDOWS\system32\RPCRT4.dll
0x00007ffc1f1a0000 - 0x00007ffc1f2f6000 	C:\WINDOWS\system32\USER32.dll
0x00007ffc1f880000 - 0x00007ffc1fa06000 	C:\WINDOWS\system32\GDI32.dll
0x00007ffc16b30000 - 0x00007ffc16da4000 	C:\WINDOWS\WinSxS\amd64_microsoft.windows.common-controls_6595b64144ccf1df_6.0.10586.0_none_8c15ae12515e1c22\COMCTL32.dll
0x00007ffc1d150000 - 0x00007ffc1d3cd000 	C:\WINDOWS\system32\combase.dll
0x00007ffc1cda0000 - 0x00007ffc1ce0a000 	C:\WINDOWS\system32\bcryptPrimitives.dll
0x00007ffc1f020000 - 0x00007ffc1f05b000 	C:\WINDOWS\system32\IMM32.DLL
0x0000000064230000 - 0x0000000064302000 	C:\Program Files\Java\jdk1.8.0_31\jre\bin\msvcr100.dll
0x00000000646e0000 - 0x0000000064f3a000 	C:\Program Files\Java\jdk1.8.0_31\jre\bin\server\jvm.dll
0x00007ffc1f360000 - 0x00007ffc1f368000 	C:\WINDOWS\system32\PSAPI.DLL
0x00007ffc0d490000 - 0x00007ffc0d499000 	C:\WINDOWS\SYSTEM32\WSOCK32.dll
0x00007ffc1f080000 - 0x00007ffc1f0eb000 	C:\WINDOWS\system32\WS2_32.dll
0x00007ffc1a700000 - 0x00007ffc1a723000 	C:\WINDOWS\SYSTEM32\WINMM.dll
0x00007ffc1a2e0000 - 0x00007ffc1a30c000 	C:\WINDOWS\SYSTEM32\WINMMBASE.dll
0x00007ffc1cd50000 - 0x00007ffc1cd93000 	C:\WINDOWS\system32\cfgmgr32.dll
0x0000000065aa0000 - 0x0000000065aaf000 	C:\Program Files\Java\jdk1.8.0_31\jre\bin\verify.dll
0x00000000646b0000 - 0x00000000646d8000 	C:\Program Files\Java\jdk1.8.0_31\jre\bin\java.dll
0x0000000064690000 - 0x00000000646a6000 	C:\Program Files\Java\jdk1.8.0_31\jre\bin\zip.dll
0x00007ffc1dac0000 - 0x00007ffc1f01c000 	C:\WINDOWS\system32\SHELL32.dll
0x00007ffc1c700000 - 0x00007ffc1cd44000 	C:\WINDOWS\system32\windows.storage.dll
0x00007ffc1f380000 - 0x00007ffc1f3d2000 	C:\WINDOWS\system32\shlwapi.dll
0x00007ffc1c0b0000 - 0x00007ffc1c0bf000 	C:\WINDOWS\system32\kernel.appcore.dll
0x00007ffc1c640000 - 0x00007ffc1c6f5000 	C:\WINDOWS\system32\shcore.dll
0x00007ffc1c060000 - 0x00007ffc1c0ab000 	C:\WINDOWS\system32\powrprof.dll
0x00007ffc1c040000 - 0x00007ffc1c054000 	C:\WINDOWS\system32\profapi.dll
0x00007ffc089f0000 - 0x00007ffc08b7c000 	C:\WINDOWS\SYSTEM32\dbghelp.dll

VM Arguments:
jvm_args: -Djava.awt.headless=true -Xmx1024M -Dfile.encoding=x-windows-949 -Duser.country=KR -Duser.language=ko -Duser.variant 
java_command: com.android.dx.command.Main --dex --force-jumbo --num-threads=4 --multi-dex --output C:\Users\samsung\Documents\AndroidWorkSpace\MyDaumMap\app\build\intermediates\transforms\dex\debug\folders\1000\10\internal_impl-24.0.0_69ee7bfd08fe1651c8a213054e8cfc92ebd61fba C:\Users\samsung\Documents\AndroidWorkSpace\MyDaumMap\app\build\intermediates\exploded-aar\com.android.support\support-v4\24.0.0\jars\libs\internal_impl-24.0.0.jar
java_class_path (initial): C:\Users\samsung\AppData\Local\Android\sdk\build-tools\24.0.0\lib\dx.jar
Launcher Type: SUN_STANDARD

Environment Variables:
JAVA_HOME=C:\Program Files\Java\jdk1.8.0_31
CLASSPATH=.
PATH=C:\oraclexe\app\oracle\product\11.2.0\server\bin;;C:\ProgramData\Oracle\Java\javapath;C:\Program Files (x86)\Wizvera\Delfino;C:\Program Files (x86)\NVIDIA Corporation\PhysX\Common;C:\Program Files (x86)\Intel\iCLS Client\;C:\Program Files\Intel\iCLS Client\;C:\WINDOWS\system32;C:\WINDOWS;C:\WINDOWS\System32\Wbem;C:\WINDOWS\System32\WindowsPowerShell\v1.0\;C:\Program Files\Intel\Intel(R) Management Engine Components\DAL;C:\Program Files\Intel\Intel(R) Management Engine Components\IPT;C:\Program Files (x86)\Intel\Intel(R) Management Engine Components\DAL;C:\Program Files (x86)\Intel\Intel(R) Management Engine Components\IPT;C:\Program Files\Intel\WiFi\bin\;C:\Program Files\Common Files\Intel\WirelessCommon\;c:\Program Files (x86)\Microsoft SQL Server\100\Tools\Binn\;c:\Program Files\Microsoft SQL Server\100\Tools\Binn\;C:\Program Files\Java\jdk1.8.0_31\bin;C:\Program Files\MySQL\MySQL Server 5.5\bin;C:\Users\samsung\AppData\Local\Android\sdk\platform-tools;C:\Program Files (x86)\Windows Kits\8.1\Windows Performance Toolkit\;C:\Program Files\Microsoft SQL Server\110\Tools\Binn\;C:\Program Files\nodejs\;C:\Program Files (x86)\Heroku\bin;C:\Program Files (x86)\git\cmd;C:\Program Files (x86)\git\bin;C:\Program Files\Bandizip\7z;C:\Users\samsung\AppData\Roaming\npm;C:\Users\samsung\AppData\Local\atom\bin;C:\Users\samsung\AppData\Local\Programs\Git\cmd;C:\apache-maven-3.3.9\bin
USERNAME=samsung
OS=Windows_NT
PROCESSOR_IDENTIFIER=Intel64 Family 6 Model 60 Stepping 3, GenuineIntel



---------------  S Y S T E M  ---------------

OS: Windows 8.1 , 64 bit Build 9600 

CPU:total 8 (4 cores per cpu, 2 threads per core) family 6 model 60 stepping 3, cmov, cx8, fxsr, mmx, sse, sse2, sse3, ssse3, sse4.1, sse4.2, popcnt, avx, avx2, aes, clmul, erms, lzcnt, ht, tsc, tscinvbit, bmi1, bmi2

Memory: 4k page, physical 8300920k(1453540k free), swap 8300920k(4108k free)

vm_info: Java HotSpot(TM) 64-Bit Server VM (25.31-b07) for windows-amd64 JRE (1.8.0_31-b13), built on Dec 17 2014 21:00:28 by "java_re" with MS VC++ 10.0 (VS2010)

time: Tue Jun 28 18:02:03 2016
elapsed time: 9 seconds (0d 0h 0m 9s)

