JvmtiExport can_access_local_variables 0
JvmtiExport can_hotswap_or_post_breakpoint 0
JvmtiExport can_post_on_exceptions 0
# 250 ciObject found
ciMethod java/lang/Object <init> ()V 4097 1 16317 0 0
ciMethod java/lang/String <init> ([CII)V 2113 1 4402 0 -1
ciMethod java/lang/String length ()I 4097 1 28583 0 -1
ciMethod java/lang/String charAt (I)C 4097 1 88420 0 -1
ciMethod java/lang/String getChars (II[CI)V 2625 1 1886 0 -1
ciMethod java/lang/String startsWith (Ljava/lang/String;I)Z 2329 2761 5628 0 -1
ciMethod java/lang/String startsWith (Ljava/lang/String;)Z 2345 1 9747 0 -1
ciMethod java/lang/String indexOf (II)I 1073 30177 1023 0 -1
ciMethod java/lang/String substring (I)Ljava/lang/String; 2449 1 300 0 -1
ciMethod java/lang/String substring (II)Ljava/lang/String; 3097 1 1012 0 -1
ciMethod java/lang/String intern ()Ljava/lang/String; 3073 1 384 0 -1
ciMethod java/lang/System arraycopy (Ljava/lang/Object;ILjava/lang/Object;II)V 7169 1 896 0 -1
ciMethod java/lang/OutOfMemoryError <init> ()V 0 0 1 0 -1
ciMethod java/lang/AbstractStringBuilder ensureCapacityInternal (I)V 3417 1 3908 0 -1
ciMethod java/lang/AbstractStringBuilder expandCapacity (I)V 681 1 1094 0 -1
ciMethod java/lang/AbstractStringBuilder append (Ljava/lang/String;)Ljava/lang/AbstractStringBuilder; 2193 1 1790 0 -1
ciMethod java/lang/AbstractStringBuilder appendNull ()Ljava/lang/AbstractStringBuilder; 0 0 1 0 -1
ciMethod java/lang/StringBuilder <init> ()V 849 1 654 0 -1
ciMethod java/lang/StringBuilder append (Ljava/lang/String;)Ljava/lang/StringBuilder; 1905 1 1206 0 -1
ciMethod java/lang/StringBuilder append (C)Ljava/lang/StringBuilder; 4097 1 1049 0 -1
ciMethod java/lang/StringBuilder toString ()Ljava/lang/String; 937 1 665 0 -1
ciMethod java/lang/NullPointerException <init> (Ljava/lang/String;)V 0 0 1 0 -1
ciMethod java/lang/Math max (II)I 225 1 90 0 -1
ciMethod java/util/HashMap get (Ljava/lang/Object;)Ljava/lang/Object; 3097 1 1658 0 -1
ciMethod java/util/Arrays copyOf ([JI)[J 9 1 1 0 -1
ciMethod java/util/Arrays copyOf ([CI)[C 2057 1 1739 0 -1
ciMethodData java/lang/String length ()I 2 28583 orig 264 104 158 201 100 0 0 0 0 232 59 120 20 0 0 0 0 32 1 0 0 0 0 0 0 0 0 0 0 0 0 0 0 0 0 0 0 0 0 0 0 0 0 0 0 0 0 0 0 0 0 0 0 0 0 0 0 0 0 0 0 0 0 0 0 0 0 0 0 0 0 0 0 0 0 0 0 0 0 0 0 77 68 79 32 101 120 116 114 97 32 100 97 116 97 32 108 111 99 107 0 0 0 0 0 0 0 0 0 0 0 0 0 0 0 0 0 0 0 0 0 0 0 0 0 0 0 0 0 0 0 0 0 0 0 0 0 0 0 0 0 0 0 0 0 0 0 0 0 0 0 0 0 0 0 0 0 0 0 0 0 0 0 0 0 0 0 0 0 0 0 0 0 0 0 0 0 0 0 0 0 0 0 0 0 0 0 0 0 0 0 0 0 0 0 0 0 0 0 0 0 0 0 0 0 0 0 0 0 0 0 0 0 0 0 0 0 0 2 0 0 57 109 3 0 1 0 0 0 0 0 0 0 0 0 0 0 2 0 0 0 0 0 0 0 4 0 1 0 0 0 0 0 255 255 255 255 0 0 0 0 0 0 0 0 data 0 oops 0
ciMethodData java/lang/Object <init> ()V 2 16375 orig 264 104 158 201 100 0 0 0 0 136 4 120 20 0 0 0 0 32 1 0 0 0 0 0 0 0 0 0 0 0 0 0 0 0 0 0 0 0 0 0 0 0 0 0 0 0 0 0 0 0 0 0 0 0 0 0 0 0 0 0 0 0 0 0 0 0 0 0 0 0 0 0 0 0 0 0 0 0 0 0 0 77 68 79 32 101 120 116 114 97 32 100 97 116 97 32 108 111 99 107 0 0 0 0 0 0 0 0 0 0 0 0 0 0 0 0 0 0 0 0 0 0 0 0 0 0 0 0 0 0 0 0 0 0 0 0 0 0 0 0 0 0 0 0 0 0 0 0 0 0 0 0 0 0 0 0 0 0 0 0 0 0 0 0 0 0 0 0 0 0 0 0 0 0 0 0 0 0 0 0 0 0 0 0 0 0 0 0 0 0 0 0 0 0 0 0 0 0 0 0 0 0 0 0 0 0 0 0 0 0 0 0 0 0 0 0 0 0 2 0 0 185 239 1 0 1 0 0 0 0 0 0 0 0 0 0 0 2 0 0 0 0 0 3 0 3 0 0 0 0 0 0 0 255 255 255 255 0 0 0 0 0 0 0 0 data 0 oops 0
ciMethod java/util/BitSet wordIndex (I)I 2073 1 2470 0 0
ciMethod java/util/BitSet checkInvariants ()V 2145 1 2456 0 0
ciMethod java/util/BitSet ensureCapacity (I)V 81 1 37 0 0
ciMethod java/util/BitSet expandTo (I)V 3889 1 2179 0 0
ciMethod java/util/BitSet set (I)V 1105 1 2013 0 0
ciMethodData java/lang/AbstractStringBuilder ensureCapacityInternal (I)V 2 3908 orig 264 104 158 201 100 0 0 0 0 48 18 127 20 0 0 0 0 160 1 0 0 0 0 0 0 0 0 0 0 0 0 0 0 0 0 0 0 0 0 0 0 0 0 0 0 0 0 0 0 0 0 0 0 0 0 0 0 0 0 0 0 0 0 0 0 0 0 0 0 0 0 0 0 0 0 0 0 0 0 0 0 77 68 79 32 101 120 116 114 97 32 100 97 116 97 32 108 111 99 107 0 0 0 0 0 0 0 0 0 0 0 0 0 0 0 0 0 0 0 0 0 0 0 0 0 0 0 0 0 0 0 0 0 0 0 0 0 0 0 0 0 0 0 0 0 0 0 0 0 0 0 0 0 0 0 0 0 0 0 0 0 0 0 0 0 0 0 0 0 0 0 0 0 0 0 0 0 0 0 0 0 0 0 0 0 0 0 0 0 0 0 0 0 0 0 0 0 0 0 0 0 0 0 0 0 0 0 0 0 0 0 0 0 0 0 0 0 171 1 0 0 201 108 0 0 1 0 0 0 0 0 0 0 0 0 0 0 2 0 0 0 0 0 6 0 3 0 1 0 80 0 0 0 255 255 255 255 7 0 7 0 0 0 0 0 data 10 0x70007 0x9a7 0x50 0x3f2 0xc0005 0x0 0x1715e6b0 0x3f2 0x0 0x0 oops 1