#
# There is insufficient memory for the Java Runtime Environment to continue.
# Native memory allocation (malloc) failed to allocate 1714336 bytes for Chunk::new
# Possible reasons:
#   The system is out of physical RAM or swap space
#   In 32 bit mode, the process size limit was hit
# Possible solutions:
#   Reduce memory load on the system
#   Increase physical memory or swap space
#   Check if swap backing store is full
#   Use 64 bit Java on a 64 bit OS
#   Decrease Java heap size (-Xmx/-Xms)
#   Decrease number of Java threads
#   Decrease Java thread stack sizes (-Xss)
#   Set larger code cache with -XX:ReservedCodeCacheSize=
# This output file may be truncated or incomplete.
#
#  Out of Memory Error (allocation.cpp:390), pid=9936, tid=7980
#
# JRE version: Java(TM) SE Runtime Environment (8.0_31-b13) (build 1.8.0_31-b13)
# Java VM: Java HotSpot(TM) 64-Bit Server VM (25.31-b07 mixed mode windows-amd64 compressed oops)
# Failed to write core dump. Minidumps are not enabled by default on client versions of Windows
#

---------------  T H R E A D  ---------------

Current thread (0x0000000017534800):  JavaThread "C2 CompilerThread0" daemon [_thread_in_native, id=7980, stack(0x0000000017ab0000,0x0000000017bb0000)]

Stack: [0x0000000017ab0000,0x0000000017bb0000]
Native frames: (J=compiled Java code, j=interpreted, Vv=VM code, C=native code)
V  [jvm.dll+0x3169ba]
V  [jvm.dll+0x2674c3]
V  [jvm.dll+0x268103]
V  [jvm.dll+0x25f8f5]
V  [jvm.dll+0xbf025]
V  [jvm.dll+0xbf4cc]
V  [jvm.dll+0x45df82]
V  [jvm.dll+0x49f21f]
V  [jvm.dll+0x452daf]
V  [jvm.dll+0x454124]
V  [jvm.dll+0x437c62]
V  [jvm.dll+0x988e2]
V  [jvm.dll+0x990d3]
V  [jvm.dll+0x22c194]
V  [jvm.dll+0x28576a]
C  [msvcr100.dll+0x21d9f]
C  [msvcr100.dll+0x21e3b]
C  [KERNEL32.DLL+0x18102]
C  [ntdll.dll+0x5c5b4]


Current CompileTask:
C2:  16828 1962   !   4       com.android.dx.cf.code.BytecodeArray::parseInstruction (2764 bytes)


---------------  P R O C E S S  ---------------

Java Threads: ( => current thread )
  0x00000000178a3800 JavaThread "pool-2-thread-4" [_thread_blocked, id=7760, stack(0x0000000018cb0000,0x0000000018db0000)]
  0x00000000178a3000 JavaThread "pool-2-thread-3" [_thread_blocked, id=9968, stack(0x0000000018bb0000,0x0000000018cb0000)]
  0x00000000177ee800 JavaThread "pool-2-thread-2" [_thread_in_Java, id=10732, stack(0x0000000018ab0000,0x0000000018bb0000)]
  0x00000000177e7800 JavaThread "pool-3-thread-1" [_thread_blocked, id=20296, stack(0x00000000189b0000,0x0000000018ab0000)]
  0x00000000177e6000 JavaThread "pool-2-thread-1" [_thread_in_Java, id=17352, stack(0x00000000188b0000,0x00000000189b0000)]
  0x00000000175ab000 JavaThread "Service Thread" daemon [_thread_blocked, id=21772, stack(0x0000000017eb0000,0x0000000017fb0000)]
  0x000000001754b800 JavaThread "C1 CompilerThread3" daemon [_thread_blocked, id=24388, stack(0x0000000017db0000,0x0000000017eb0000)]
  0x0000000017545800 JavaThread "C2 CompilerThread2" daemon [_thread_in_native, id=1048, stack(0x0000000017cb0000,0x0000000017db0000)]
  0x0000000017538000 JavaThread "C2 CompilerThread1" daemon [_thread_in_native, id=1304, stack(0x0000000017bb0000,0x0000000017cb0000)]
=>0x0000000017534800 JavaThread "C2 CompilerThread0" daemon [_thread_in_native, id=7980, stack(0x0000000017ab0000,0x0000000017bb0000)]
  0x0000000017533000 JavaThread "Attach Listener" daemon [_thread_blocked, id=17520, stack(0x00000000179b0000,0x0000000017ab0000)]
  0x0000000017532800 JavaThread "Signal Dispatcher" daemon [_thread_blocked, id=18040, stack(0x00000000178b0000,0x00000000179b0000)]
  0x00000000029a2800 JavaThread "Finalizer" daemon [_thread_blocked, id=12080, stack(0x00000000173b0000,0x00000000174b0000)]
  0x00000000154cc000 JavaThread "Reference Handler" daemon [_thread_blocked, id=1172, stack(0x00000000172b0000,0x00000000173b0000)]
  0x00000000028ad800 JavaThread "main" [_thread_in_Java, id=7244, stack(0x00000000026f0000,0x00000000027f0000)]

Other Threads:
  0x00000000154c8000 VMThread [stack: 0x00000000171b0000,0x00000000172b0000] [id=20880]
  0x00000000175b0000 WatcherThread [stack: 0x0000000017fb0000,0x00000000180b0000] [id=10568]

VM state:not at safepoint (normal execution)

VM Mutex/Monitor currently owned by a thread: None

Heap:
 PSYoungGen      total 138240K, used 33986K [0x00000000eab00000, 0x00000000f3700000, 0x0000000100000000)
  eden space 133120K, 21% used [0x00000000eab00000,0x00000000ec733078,0x00000000f2d00000)
  from space 5120K, 99% used [0x00000000f3200000,0x00000000f36fdaa8,0x00000000f3700000)
  to   space 5120K, 0% used [0x00000000f2d00000,0x00000000f2d00000,0x00000000f3200000)
 ParOldGen       total 87552K, used 24922K [0x00000000c0000000, 0x00000000c5580000, 0x00000000eab00000)
  object space 87552K, 28% used [0x00000000c0000000,0x00000000c1856808,0x00000000c5580000)
 Metaspace       used 6443K, capacity 7192K, committed 7424K, reserved 1056768K
  class space    used 617K, capacity 656K, committed 768K, reserved 1048576K

Card table byte_map: [0x0000000011d70000,0x0000000011f80000] byte_map_base: 0x0000000011770000

Marking Bits: (ParMarkBitMap*) 0x0000000064b5d4f0
 Begin Bits: [0x00000000128e0000, 0x00000000138e0000)
 End Bits:   [0x00000000138e0000, 0x00000000148e0000)

Polling page: 0x0000000000690000

CodeCache: size=245760Kb used=8203Kb max_used=8248Kb free=237556Kb
 bounds [0x00000000029b0000, 0x00000000031d0000, 0x00000000119b0000]
 total_blobs=2185 nmethods=1918 adapters=180
 compilation: enabled

Compilation events (10 events):
Event: 16.717 Thread 0x000000001754b800 1972   !   3       com.android.dx.dex.cf.AttributeTranslator::getClassAnnotations (135 bytes)
Event: 16.726 Thread 0x000000001754b800 nmethod 1972 0x000000000319c190 code [0x000000000319c620, 0x000000000319f308]
Event: 16.727 Thread 0x000000001754b800 1975   !   3       com.android.dx.dex.cf.CfTranslator::processFields (251 bytes)
Event: 16.731 Thread 0x0000000017538000 nmethod 1968 0x0000000003167dd0 code [0x0000000003167f40, 0x0000000003168318]
Event: 16.731 Thread 0x0000000017538000 1977       4       com.android.dx.ssa.LiteralOpUpgrader::tryReplacingWithConstant (161 bytes)
Event: 16.738 Thread 0x000000001754b800 nmethod 1975 0x00000000031a0e50 code [0x00000000031a1360, 0x00000000031a4748]
Event: 16.738 Thread 0x000000001754b800 1978       3       com.android.dx.rop.annotation.AnnotationsList::set (11 bytes)
Event: 16.740 Thread 0x000000001754b800 nmethod 1978 0x000000000317f090 code [0x000000000317f280, 0x000000000317fbd8]
Event: 16.748 Thread 0x0000000017538000 nmethod 1977 0x00000000031958d0 code [0x0000000003195a80, 0x0000000003195df0]
Event: 16.748 Thread 0x0000000017538000 1981       4       com.android.dx.cf.code.BasicBlocker::getBlockList (208 bytes)

GC Heap History (8 events):
Event: 10.094 GC heap before
{Heap before GC invocations=1 (full 0):
 PSYoungGen      total 38400K, used 33280K [0x00000000eab00000, 0x00000000ed580000, 0x0000000100000000)
  eden space 33280K, 100% used [0x00000000eab00000,0x00000000ecb80000,0x00000000ecb80000)
  from space 5120K, 0% used [0x00000000ed080000,0x00000000ed080000,0x00000000ed580000)
  to   space 5120K, 0% used [0x00000000ecb80000,0x00000000ecb80000,0x00000000ed080000)
 ParOldGen       total 87552K, used 0K [0x00000000c0000000, 0x00000000c5580000, 0x00000000eab00000)
  object space 87552K, 0% used [0x00000000c0000000,0x00000000c0000000,0x00000000c5580000)
 Metaspace       used 5968K, capacity 6832K, committed 7040K, reserved 1056768K
  class space    used 595K, capacity 616K, committed 640K, reserved 1048576K
Event: 10.215 GC heap after
Heap after GC invocations=1 (full 0):
 PSYoungGen      total 38400K, used 5092K [0x00000000eab00000, 0x00000000ef600000, 0x0000000100000000)
  eden space 33280K, 0% used [0x00000000eab00000,0x00000000eab00000,0x00000000ecb80000)
  from space 5120K, 99% used [0x00000000ecb80000,0x00000000ed0791c0,0x00000000ed080000)
  to   space 5120K, 0% used [0x00000000ef100000,0x00000000ef100000,0x00000000ef600000)
 ParOldGen       total 87552K, used 1094K [0x00000000c0000000, 0x00000000c5580000, 0x00000000eab00000)
  object space 87552K, 1% used [0x00000000c0000000,0x00000000c0111bd0,0x00000000c5580000)
 Metaspace       used 5968K, capacity 6832K, committed 7040K, reserved 1056768K
  class space    used 595K, capacity 616K, committed 640K, reserved 1048576K
}
Event: 11.632 GC heap before
{Heap before GC invocations=2 (full 0):
 PSYoungGen      total 38400K, used 38372K [0x00000000eab00000, 0x00000000ef600000, 0x0000000100000000)
  eden space 33280K, 100% used [0x00000000eab00000,0x00000000ecb80000,0x00000000ecb80000)
  from space 5120K, 99% used [0x00000000ecb80000,0x00000000ed0791c0,0x00000000ed080000)
  to   space 5120K, 0% used [0x00000000ef100000,0x00000000ef100000,0x00000000ef600000)
 ParOldGen       total 87552K, used 1094K [0x00000000c0000000, 0x00000000c5580000, 0x00000000eab00000)
  object space 87552K, 1% used [0x00000000c0000000,0x00000000c0111bd0,0x00000000c5580000)
 Metaspace       used 6171K, capacity 7024K, committed 7296K, reserved 1056768K
  class space    used 596K, capacity 616K, committed 640K, reserved 1048576K
Event: 11.746 GC heap after
Heap after GC invocations=2 (full 0):
 PSYoungGen      total 71680K, used 5089K [0x00000000eab00000, 0x00000000ef600000, 0x0000000100000000)
  eden space 66560K, 0% used [0x00000000eab00000,0x00000000eab00000,0x00000000eec00000)
  from space 5120K, 99% used [0x00000000ef100000,0x00000000ef5f8430,0x00000000ef600000)
  to   space 5120K, 0% used [0x00000000eec00000,0x00000000eec00000,0x00000000ef100000)
 ParOldGen       total 87552K, used 5071K [0x00000000c0000000, 0x00000000c5580000, 0x00000000eab00000)
  object space 87552K, 5% used [0x00000000c0000000,0x00000000c04f3c90,0x00000000c5580000)
 Metaspace       used 6171K, capacity 7024K, committed 7296K, reserved 1056768K
  class space    used 596K, capacity 616K, committed 640K, reserved 1048576K
}
Event: 13.732 GC heap before
{Heap before GC invocations=3 (full 0):
 PSYoungGen      total 71680K, used 71649K [0x00000000eab00000, 0x00000000ef600000, 0x0000000100000000)
  eden space 66560K, 100% used [0x00000000eab00000,0x00000000eec00000,0x00000000eec00000)
  from space 5120K, 99% used [0x00000000ef100000,0x00000000ef5f8430,0x00000000ef600000)
  to   space 5120K, 0% used [0x00000000eec00000,0x00000000eec00000,0x00000000ef100000)
 ParOldGen       total 87552K, used 5071K [0x00000000c0000000, 0x00000000c5580000, 0x00000000eab00000)
  object space 87552K, 5% used [0x00000000c0000000,0x00000000c04f3c90,0x00000000c5580000)
 Metaspace       used 6313K, capacity 7152K, committed 7296K, reserved 1056768K
  class space    used 596K, capacity 616K, committed 640K, reserved 1048576K
Event: 13.852 GC heap after
Heap after GC invocations=3 (full 0):
 PSYoungGen      total 71680K, used 5107K [0x00000000eab00000, 0x00000000f3700000, 0x0000000100000000)
  eden space 66560K, 0% used [0x00000000eab00000,0x00000000eab00000,0x00000000eec00000)
  from space 5120K, 99% used [0x00000000eec00000,0x00000000ef0fce78,0x00000000ef100000)
  to   space 5120K, 0% used [0x00000000f3200000,0x00000000f3200000,0x00000000f3700000)
 ParOldGen       total 87552K, used 14841K [0x00000000c0000000, 0x00000000c5580000, 0x00000000eab00000)
  object space 87552K, 16% used [0x00000000c0000000,0x00000000c0e7e668,0x00000000c5580000)
 Metaspace       used 6313K, capacity 7152K, committed 7296K, reserved 1056768K
  class space    used 596K, capacity 616K, committed 640K, reserved 1048576K
}
Event: 15.108 GC heap before
{Heap before GC invocations=4 (full 0):
 PSYoungGen      total 71680K, used 71667K [0x00000000eab00000, 0x00000000f3700000, 0x0000000100000000)
  eden space 66560K, 100% used [0x00000000eab00000,0x00000000eec00000,0x00000000eec00000)
  from space 5120K, 99% used [0x00000000eec00000,0x00000000ef0fce78,0x00000000ef100000)
  to   space 5120K, 0% used [0x00000000f3200000,0x00000000f3200000,0x00000000f3700000)
 ParOldGen       total 87552K, used 14841K [0x00000000c0000000, 0x00000000c5580000, 0x00000000eab00000)
  object space 87552K, 16% used [0x00000000c0000000,0x00000000c0e7e668,0x00000000c5580000)
 Metaspace       used 6424K, capacity 7192K, committed 7424K, reserved 1056768K
  class space    used 617K, capacity 656K, committed 768K, reserved 1048576K
Event: 15.216 GC heap after
Heap after GC invocations=4 (full 0):
 PSYoungGen      total 138240K, used 5110K [0x00000000eab00000, 0x00000000f3700000, 0x0000000100000000)
  eden space 133120K, 0% used [0x00000000eab00000,0x00000000eab00000,0x00000000f2d00000)
  from space 5120K, 99% used [0x00000000f3200000,0x00000000f36fdaa8,0x00000000f3700000)
  to   space 5120K, 0% used [0x00000000f2d00000,0x00000000f2d00000,0x00000000f3200000)
 ParOldGen       total 87552K, used 24922K [0x00000000c0000000, 0x00000000c5580000, 0x00000000eab00000)
  object space 87552K, 28% used [0x00000000c0000000,0x00000000c1856808,0x00000000c5580000)
 Metaspace       used 6424K, capacity 7192K, committed 7424K, reserved 1056768K
  class space    used 617K, capacity 656K, committed 768K, reserved 1048576K
}

Deoptimization events (10 events):
Event: 14.785 Thread 0x00000000177ee800 Uncommon trap: reason=unreached action=reinterpret pc=0x0000000002f8c1d4 method=java.util.HashMap.getNode(ILjava/lang/Object;)Ljava/util/HashMap$Node; @ 84
Event: 14.793 Thread 0x00000000177ee800 Uncommon trap: reason=unreached action=reinterpret pc=0x00000000030568b0 method=java.util.HashMap.getNode(ILjava/lang/Object;)Ljava/util/HashMap$Node; @ 84
Event: 14.955 Thread 0x00000000177ee800 Uncommon trap: reason=bimorphic action=maybe_recompile pc=0x00000000030088f0 method=com.android.dx.ssa.LiteralOpUpgrader.tryReplacingWithConstant(Lcom/android/dx/ssa/NormalSsaInsn;)Z @ 62
Event: 15.011 Thread 0x00000000028ad800 Uncommon trap: reason=unreached action=reinterpret pc=0x0000000002e9ce74 method=java.util.HashMap.putVal(ILjava/lang/Object;Ljava/lang/Object;ZZ)Ljava/lang/Object; @ 109
Event: 15.791 Thread 0x00000000028ad800 Uncommon trap: reason=bimorphic action=maybe_recompile pc=0x000000000314ffd4 method=com.android.dx.cf.code.BytecodeArray.parseInstruction(ILcom/android/dx/cf/code/BytecodeArray$Visitor;)I @ 971
Event: 15.791 Thread 0x00000000028ad800 Uncommon trap: reason=bimorphic action=maybe_recompile pc=0x000000000314ffd4 method=com.android.dx.cf.code.BytecodeArray.parseInstruction(ILcom/android/dx/cf/code/BytecodeArray$Visitor;)I @ 971
Event: 16.333 Thread 0x00000000028ad800 Uncommon trap: reason=bimorphic action=maybe_recompile pc=0x000000000314ff48 method=com.android.dx.cf.code.BytecodeArray.parseInstruction(ILcom/android/dx/cf/code/BytecodeArray$Visitor;)I @ 955
Event: 16.333 Thread 0x00000000028ad800 Uncommon trap: reason=bimorphic action=maybe_recompile pc=0x000000000315040c method=com.android.dx.cf.code.BytecodeArray.parseInstruction(ILcom/android/dx/cf/code/BytecodeArray$Visitor;)I @ 1130
Event: 16.333 Thread 0x00000000028ad800 Uncommon trap: reason=bimorphic action=maybe_recompile pc=0x000000000314ffd4 method=com.android.dx.cf.code.BytecodeArray.parseInstruction(ILcom/android/dx/cf/code/BytecodeArray$Visitor;)I @ 971
Event: 16.716 Thread 0x00000000178a3800 Uncommon trap: reason=bimorphic action=maybe_recompile pc=0x00000000030088f0 method=com.android.dx.ssa.LiteralOpUpgrader.tryReplacingWithConstant(Lcom/android/dx/ssa/NormalSsaInsn;)Z @ 62

Internal exceptions (10 events):
Event: 8.773 Thread 0x00000000028ad800 Exception <a 'java/security/PrivilegedActionException'> (0x00000000eba514f0) thrown at [C:\workspace\8-2-build-windows-amd64-cygwin\jdk8u31\2394\hotspot\src\share\vm\prims\jvm.cpp, line 1312]
Event: 8.886 Thread 0x00000000178a3800 Exception <a 'java/security/PrivilegedActionException'> (0x00000000ebd12c38) thrown at [C:\workspace\8-2-build-windows-amd64-cygwin\jdk8u31\2394\hotspot\src\share\vm\prims\jvm.cpp, line 1312]
Event: 8.951 Thread 0x00000000177ee800 Exception <a 'java/security/PrivilegedActionException'> (0x00000000ebb376c0) thrown at [C:\workspace\8-2-build-windows-amd64-cygwin\jdk8u31\2394\hotspot\src\share\vm\prims\jvm.cpp, line 1312]
Event: 9.505 Thread 0x00000000178a3000 Exception <a 'java/security/PrivilegedActionException'> (0x00000000ec404058) thrown at [C:\workspace\8-2-build-windows-amd64-cygwin\jdk8u31\2394\hotspot\src\share\vm\prims\jvm.cpp, line 1312]
Event: 11.413 Thread 0x00000000028ad800 Exception <a 'java/security/PrivilegedActionException'> (0x00000000ec0c6988) thrown at [C:\workspace\8-2-build-windows-amd64-cygwin\jdk8u31\2394\hotspot\src\share\vm\prims\jvm.cpp, line 1312]
Event: 11.868 Thread 0x00000000177ee800 Implicit null exception at 0x0000000002fdb279 to 0x0000000002fdd739
Event: 13.245 Thread 0x00000000178a3000 Exception <a 'java/security/PrivilegedActionException'> (0x00000000edcc2140) thrown at [C:\workspace\8-2-build-windows-amd64-cygwin\jdk8u31\2394\hotspot\src\share\vm\prims\jvm.cpp, line 1312]
Event: 14.748 Thread 0x00000000177ee800 Exception <a 'java/lang/ArrayIndexOutOfBoundsException': 18> (0x00000000ed580708) thrown at [C:\workspace\8-2-build-windows-amd64-cygwin\jdk8u31\2394\hotspot\src\share\vm\interpreter\interpreterRuntime.cpp, line 366]
Event: 14.750 Thread 0x00000000177ee800 Exception <a 'java/lang/ArrayIndexOutOfBoundsException'> (0x00000000ed5821a0) thrown at [C:\workspace\8-2-build-windows-amd64-cygwin\jdk8u31\2394\hotspot\src\share\vm\runtime\sharedRuntime.cpp, line 604]
Event: 14.752 Thread 0x00000000177ee800 Exception <a 'java/lang/ArrayIndexOutOfBoundsException'> (0x00000000ed5833b8) thrown at [C:\workspace\8-2-build-windows-amd64-cygwin\jdk8u31\2394\hotspot\src\share\vm\runtime\sharedRuntime.cpp, line 604]

Events (10 events):
Event: 16.333 Thread 0x00000000028ad800 DEOPT UNPACKING pc=0x00000000029f556a sp=0x00000000027edc98 mode 2
Event: 16.333 Thread 0x00000000028ad800 Uncommon trap: trap_request=0xffffffc6 fr.pc=0x000000000315040c
Event: 16.333 Thread 0x00000000028ad800 DEOPT PACKING pc=0x000000000315040c sp=0x00000000027edce0
Event: 16.333 Thread 0x00000000028ad800 DEOPT UNPACKING pc=0x00000000029f556a sp=0x00000000027edc98 mode 2
Event: 16.333 Thread 0x00000000028ad800 Uncommon trap: trap_request=0xffffffc6 fr.pc=0x000000000314ffd4
Event: 16.333 Thread 0x00000000028ad800 DEOPT PACKING pc=0x000000000314ffd4 sp=0x00000000027edce0
Event: 16.333 Thread 0x00000000028ad800 DEOPT UNPACKING pc=0x00000000029f556a sp=0x00000000027edc98 mode 2
Event: 16.716 Thread 0x00000000178a3800 Uncommon trap: trap_request=0xffffffc6 fr.pc=0x00000000030088f0
Event: 16.716 Thread 0x00000000178a3800 DEOPT PACKING pc=0x00000000030088f0 sp=0x0000000018dae710
Event: 16.716 Thread 0x00000000178a3800 DEOPT UNPACKING pc=0x00000000029f556a sp=0x0000000018dae6b0 mode 2


Dynamic libraries:
0x00007ff7a29f0000 - 0x00007ff7a2a24000 	C:\Program Files\Java\jdk1.8.0_31\bin\java.exe
0x00007ffc1fa10000 - 0x00007ffc1fbd1000 	C:\WINDOWS\SYSTEM32\ntdll.dll
0x00007ffc1f0f0000 - 0x00007ffc1f19d000 	C:\WINDOWS\system32\KERNEL32.DLL
0x00007ffc1c3d0000 - 0x00007ffc1c5b8000 	C:\WINDOWS\system32\KERNELBASE.dll
0x00007ffc1d580000 - 0x00007ffc1d627000 	C:\WINDOWS\system32\ADVAPI32.dll
0x00007ffc1cee0000 - 0x00007ffc1cf7d000 	C:\WINDOWS\system32\msvcrt.dll
0x00007ffc1f300000 - 0x00007ffc1f35b000 	C:\WINDOWS\system32\sechost.dll
0x00007ffc1d030000 - 0x00007ffc1d14c000 	C:\WINDOWS\system32\RPCRT4.dll
0x00007ffc1f1a0000 - 0x00007ffc1f2f6000 	C:\WINDOWS\system32\USER32.dll
0x00007ffc1f880000 - 0x00007ffc1fa06000 	C:\WINDOWS\system32\GDI32.dll
0x00007ffc16b30000 - 0x00007ffc16da4000 	C:\WINDOWS\WinSxS\amd64_microsoft.windows.common-controls_6595b64144ccf1df_6.0.10586.0_none_8c15ae12515e1c22\COMCTL32.dll
0x00007ffc1d150000 - 0x00007ffc1d3cd000 	C:\WINDOWS\system32\combase.dll
0x00007ffc1cda0000 - 0x00007ffc1ce0a000 	C:\WINDOWS\system32\bcryptPrimitives.dll
0x00007ffc1f020000 - 0x00007ffc1f05b000 	C:\WINDOWS\system32\IMM32.DLL
0x0000000063ed0000 - 0x0000000063fa2000 	C:\Program Files\Java\jdk1.8.0_31\jre\bin\msvcr100.dll
0x0000000064380000 - 0x0000000064bda000 	C:\Program Files\Java\jdk1.8.0_31\jre\bin\server\jvm.dll
0x00007ffc1f360000 - 0x00007ffc1f368000 	C:\WINDOWS\system32\PSAPI.DLL
0x00007ffc1a700000 - 0x00007ffc1a723000 	C:\WINDOWS\SYSTEM32\WINMM.dll
0x00007ffc0d490000 - 0x00007ffc0d499000 	C:\WINDOWS\SYSTEM32\WSOCK32.dll
0x00007ffc1f080000 - 0x00007ffc1f0eb000 	C:\WINDOWS\system32\WS2_32.dll
0x00007ffc1a2e0000 - 0x00007ffc1a30c000 	C:\WINDOWS\SYSTEM32\WINMMBASE.dll
0x00007ffc1cd50000 - 0x00007ffc1cd93000 	C:\WINDOWS\system32\cfgmgr32.dll
0x0000000065aa0000 - 0x0000000065aaf000 	C:\Program Files\Java\jdk1.8.0_31\jre\bin\verify.dll
0x0000000064350000 - 0x0000000064378000 	C:\Program Files\Java\jdk1.8.0_31\jre\bin\java.dll
0x0000000064330000 - 0x0000000064346000 	C:\Program Files\Java\jdk1.8.0_31\jre\bin\zip.dll
0x00007ffc1dac0000 - 0x00007ffc1f01c000 	C:\WINDOWS\system32\SHELL32.dll
0x00007ffc1c700000 - 0x00007ffc1cd44000 	C:\WINDOWS\system32\windows.storage.dll
0x00007ffc1f380000 - 0x00007ffc1f3d2000 	C:\WINDOWS\system32\shlwapi.dll
0x00007ffc1c0b0000 - 0x00007ffc1c0bf000 	C:\WINDOWS\system32\kernel.appcore.dll
0x00007ffc1c640000 - 0x00007ffc1c6f5000 	C:\WINDOWS\system32\shcore.dll
0x00007ffc1c060000 - 0x00007ffc1c0ab000 	C:\WINDOWS\system32\powrprof.dll
0x00007ffc1c040000 - 0x00007ffc1c054000 	C:\WINDOWS\system32\profapi.dll
0x00007ffc089f0000 - 0x00007ffc08b7c000 	C:\WINDOWS\SYSTEM32\dbghelp.dll

VM Arguments:
jvm_args: -Djava.awt.headless=true -Xmx1024M -Dfile.encoding=x-windows-949 -Duser.country=KR -Duser.language=ko -Duser.variant 
java_command: com.android.dx.command.Main --dex --force-jumbo --num-threads=4 --multi-dex --output C:\Users\samsung\Downloads\MyEventBus\app\build\intermediates\transforms\dex\debug\folders\1000\10\com.android.support-appcompat-v7-24.0.0_678bc157fc04fb8df25e3f58f9adecb21549fb6e C:\Users\samsung\Downloads\MyEventBus\app\build\intermediates\exploded-aar\com.android.support\appcompat-v7\24.0.0\jars\classes.jar
java_class_path (initial): C:\Users\samsung\AppData\Local\Android\sdk\build-tools\24.0.0\lib\dx.jar
Launcher Type: SUN_STANDARD

Environment Variables:
JAVA_HOME=C:\Program Files\Java\jdk1.8.0_31
CLASSPATH=.
PATH=C:\oraclexe\app\oracle\product\11.2.0\server\bin;;C:\ProgramData\Oracle\Java\javapath;C:\Program Files (x86)\Wizvera\Delfino;C:\Program Files (x86)\NVIDIA Corporation\PhysX\Common;C:\Program Files (x86)\Intel\iCLS Client\;C:\Program Files\Intel\iCLS Client\;C:\WINDOWS\system32;C:\WINDOWS;C:\WINDOWS\System32\Wbem;C:\WINDOWS\System32\WindowsPowerShell\v1.0\;C:\Program Files\Intel\Intel(R) Management Engine Components\DAL;C:\Program Files\Intel\Intel(R) Management Engine Components\IPT;C:\Program Files (x86)\Intel\Intel(R) Management Engine Components\DAL;C:\Program Files (x86)\Intel\Intel(R) Management Engine Components\IPT;C:\Program Files\Intel\WiFi\bin\;C:\Program Files\Common Files\Intel\WirelessCommon\;c:\Program Files (x86)\Microsoft SQL Server\100\Tools\Binn\;c:\Program Files\Microsoft SQL Server\100\Tools\Binn\;C:\Program Files\Java\jdk1.8.0_31\bin;C:\Program Files\MySQL\MySQL Server 5.5\bin;C:\Users\samsung\AppData\Local\Android\sdk\platform-tools;C:\Program Files (x86)\Windows Kits\8.1\Windows Performance Toolkit\;C:\Program Files\Microsoft SQL Server\110\Tools\Binn\;C:\Program Files\nodejs\;C:\Program Files (x86)\Heroku\bin;C:\Program Files (x86)\git\cmd;C:\Program Files (x86)\git\bin;C:\Users\samsung\AppData\Local\Programs\Python\Python35-32\Scripts\;C:\Users\samsung\AppData\Local\Programs\Python\Python35-32\;C:\Program Files\Bandizip\7z;C:\Users\samsung\AppData\Roaming\npm;C:\Users\samsung\AppData\Local\atom\bin;C:\Users\samsung\AppData\Local\Programs\Git\cmd;C:\apache-maven-3.3.9\bin
USERNAME=samsung
OS=Windows_NT
PROCESSOR_IDENTIFIER=Intel64 Family 6 Model 60 Stepping 3, GenuineIntel



---------------  S Y S T E M  ---------------

OS: Windows 8.1 , 64 bit Build 9600 

CPU:total 8 (4 cores per cpu, 2 threads per core) family 6 model 60 stepping 3, cmov, cx8, fxsr, mmx, sse, sse2, sse3, ssse3, sse4.1, sse4.2, popcnt, avx, avx2, aes, clmul, erms, lzcnt, ht, tsc, tscinvbit, bmi1, bmi2

Memory: 4k page, physical 8300920k(1474776k free), swap 8300920k(22832k free)

vm_info: Java HotSpot(TM) 64-Bit Server VM (25.31-b07) for windows-amd64 JRE (1.8.0_31-b13), built on Dec 17 2014 21:00:28 by "java_re" with MS VC++ 10.0 (VS2010)

time: Fri Jul 08 03:18:15 2016
elapsed time: 16 seconds (0d 0h 0m 16s)

