#
# There is insufficient memory for the Java Runtime Environment to continue.
# Native memory allocation (malloc) failed to allocate 166128 bytes for Chunk::new
# Possible reasons:
#   The system is out of physical RAM or swap space
#   In 32 bit mode, the process size limit was hit
# Possible solutions:
#   Reduce memory load on the system
#   Increase physical memory or swap space
#   Check if swap backing store is full
#   Use 64 bit Java on a 64 bit OS
#   Decrease Java heap size (-Xmx/-Xms)
#   Decrease number of Java threads
#   Decrease Java thread stack sizes (-Xss)
#   Set larger code cache with -XX:ReservedCodeCacheSize=
# This output file may be truncated or incomplete.
#
#  Out of Memory Error (allocation.cpp:390), pid=9880, tid=15972
#
# JRE version: Java(TM) SE Runtime Environment (8.0_31-b13) (build 1.8.0_31-b13)
# Java VM: Java HotSpot(TM) 64-Bit Server VM (25.31-b07 mixed mode windows-amd64 compressed oops)
# Failed to write core dump. Minidumps are not enabled by default on client versions of Windows
#

---------------  T H R E A D  ---------------

Current thread (0x0000000017d48000):  JavaThread "C2 CompilerThread1" daemon [_thread_in_native, id=15972, stack(0x00000000183c0000,0x00000000184c0000)]

Stack: [0x00000000183c0000,0x00000000184c0000]
Native frames: (J=compiled Java code, j=interpreted, Vv=VM code, C=native code)
V  [jvm.dll+0x3169ba]
V  [jvm.dll+0x2674c3]
V  [jvm.dll+0x268103]
V  [jvm.dll+0x25f8f5]
V  [jvm.dll+0xbf025]
V  [jvm.dll+0xbf4cc]
V  [jvm.dll+0xbf774]
V  [jvm.dll+0xdd185]
V  [jvm.dll+0x496664]
V  [jvm.dll+0x4a24a5]
V  [jvm.dll+0x4b0f29]
V  [jvm.dll+0x4b15d6]
V  [jvm.dll+0x4b16ab]
V  [jvm.dll+0x4b16f7]
V  [jvm.dll+0x4b16f7]
V  [jvm.dll+0x4b16f7]
V  [jvm.dll+0x4b16f7]
V  [jvm.dll+0x4b16f7]
V  [jvm.dll+0x4b16f7]
V  [jvm.dll+0x4b1626]
V  [jvm.dll+0x4b1626]
V  [jvm.dll+0x49f7e3]
V  [jvm.dll+0x453401]
V  [jvm.dll+0x454124]
V  [jvm.dll+0x437c62]
V  [jvm.dll+0x988e2]
V  [jvm.dll+0x990d3]
V  [jvm.dll+0x22c194]
V  [jvm.dll+0x28576a]
C  [msvcr100.dll+0x21d9f]
C  [msvcr100.dll+0x21e3b]
C  [KERNEL32.DLL+0x18102]
C  [ntdll.dll+0x5c5b4]


Current CompileTask:
C2:  20630 1892       4       com.android.dx.ssa.back.FirstFitLocalCombiningAllocator::tryMapRegs (110 bytes)


---------------  P R O C E S S  ---------------

Java Threads: ( => current thread )
  0x00000000188f5000 JavaThread "pool-2-thread-4" [_thread_in_Java, id=8436, stack(0x00000000194c0000,0x00000000195c0000)]
  0x0000000018908000 JavaThread "pool-2-thread-3" [_thread_blocked, id=6224, stack(0x00000000193c0000,0x00000000194c0000)]
  0x0000000018906800 JavaThread "pool-2-thread-2" [_thread_blocked, id=5080, stack(0x00000000192c0000,0x00000000193c0000)]
  0x00000000180bd800 JavaThread "pool-3-thread-1" [_thread_blocked, id=5056, stack(0x00000000191c0000,0x00000000192c0000)]
  0x00000000180bd000 JavaThread "pool-2-thread-1" [_thread_blocked, id=7496, stack(0x00000000190c0000,0x00000000191c0000)]
  0x0000000017da8000 JavaThread "Service Thread" daemon [_thread_blocked, id=16200, stack(0x00000000186c0000,0x00000000187c0000)]
  0x0000000017d9f000 JavaThread "C1 CompilerThread3" daemon [_thread_blocked, id=4632, stack(0x00000000185c0000,0x00000000186c0000)]
  0x0000000017d90800 JavaThread "C2 CompilerThread2" daemon [_thread_in_native, id=10892, stack(0x00000000184c0000,0x00000000185c0000)]
=>0x0000000017d48000 JavaThread "C2 CompilerThread1" daemon [_thread_in_native, id=15972, stack(0x00000000183c0000,0x00000000184c0000)]
  0x0000000017d44800 JavaThread "C2 CompilerThread0" daemon [_thread_in_vm, id=9776, stack(0x00000000182c0000,0x00000000183c0000)]
  0x0000000017d43800 JavaThread "Attach Listener" daemon [_thread_blocked, id=18424, stack(0x00000000181c0000,0x00000000182c0000)]
  0x0000000017d42800 JavaThread "Signal Dispatcher" daemon [_thread_blocked, id=8644, stack(0x00000000180c0000,0x00000000181c0000)]
  0x00000000031a2800 JavaThread "Finalizer" daemon [_thread_blocked, id=14540, stack(0x0000000017bc0000,0x0000000017cc0000)]
  0x0000000015ccc000 JavaThread "Reference Handler" daemon [_thread_blocked, id=5856, stack(0x0000000017ac0000,0x0000000017bc0000)]
  0x0000000002fad800 JavaThread "main" [_thread_blocked, id=14964, stack(0x0000000002fb0000,0x00000000030b0000)]

Other Threads:
  0x0000000015cc8000 VMThread [stack: 0x00000000179c0000,0x0000000017ac0000] [id=196]
  0x0000000017dae000 WatcherThread [stack: 0x00000000187c0000,0x00000000188c0000] [id=14560]

VM state:not at safepoint (normal execution)

VM Mutex/Monitor currently owned by a thread: None

Heap:
 PSYoungGen      total 71680K, used 15134K [0x00000000eab00000, 0x00000000ef600000, 0x0000000100000000)
  eden space 66560K, 15% used [0x00000000eab00000,0x00000000eb4c8b90,0x00000000eec00000)
  from space 5120K, 99% used [0x00000000ef100000,0x00000000ef5fef00,0x00000000ef600000)
  to   space 5120K, 0% used [0x00000000eec00000,0x00000000eec00000,0x00000000ef100000)
 ParOldGen       total 87552K, used 13158K [0x00000000c0000000, 0x00000000c5580000, 0x00000000eab00000)
  object space 87552K, 15% used [0x00000000c0000000,0x00000000c0cd9988,0x00000000c5580000)
 Metaspace       used 6255K, capacity 7152K, committed 7296K, reserved 1056768K
  class space    used 597K, capacity 616K, committed 640K, reserved 1048576K

Card table byte_map: [0x0000000012570000,0x0000000012780000] byte_map_base: 0x0000000011f70000

Marking Bits: (ParMarkBitMap*) 0x000000006ea7d4f0
 Begin Bits: [0x00000000130e0000, 0x00000000140e0000)
 End Bits:   [0x00000000140e0000, 0x00000000150e0000)

Polling page: 0x00000000012d0000

CodeCache: size=245760Kb used=7732Kb max_used=7747Kb free=238027Kb
 bounds [0x00000000031b0000, 0x0000000003950000, 0x00000000121b0000]
 total_blobs=2061 nmethods=1794 adapters=180
 compilation: enabled

Compilation events (10 events):
Event: 20.395 Thread 0x0000000017d44800 1897       4       com.android.dx.ssa.back.FirstFitLocalCombiningAllocator$Alignment$3::nextClearBit (6 bytes)
Event: 20.402 Thread 0x0000000017d44800 nmethod 1897 0x0000000003930fd0 code [0x0000000003931120, 0x0000000003931278]
Event: 20.402 Thread 0x0000000017d44800 1893       4       java.lang.Long::numberOfTrailingZeros (116 bytes)
Event: 20.404 Thread 0x0000000017d44800 nmethod 1893 0x0000000003929350 code [0x0000000003929480, 0x0000000003929538]
Event: 20.404 Thread 0x0000000017d44800 1896       4       com.android.dx.cf.code.Frame::<init> (52 bytes)
Event: 20.408 Thread 0x0000000017d44800 nmethod 1896 0x0000000003930c90 code [0x0000000003930de0, 0x0000000003930ed8]
Event: 20.408 Thread 0x0000000017d44800 1894       4       java.util.BitSet::nextClearBit (116 bytes)
Event: 20.415 Thread 0x0000000017d44800 nmethod 1894 0x00000000039308d0 code [0x0000000003930a20, 0x0000000003930b58]
Event: 20.415 Thread 0x0000000017d44800 1895       4       com.android.dx.rop.code.BasicBlockList$RegCountVisitor::visitPlainCstInsn (6 bytes)
Event: 20.430 Thread 0x0000000017d44800 nmethod 1895 0x0000000003930090 code [0x00000000039301e0, 0x0000000003930458]

GC Heap History (8 events):
Event: 11.152 GC heap before
{Heap before GC invocations=1 (full 0):
 PSYoungGen      total 38400K, used 33280K [0x00000000eab00000, 0x00000000ed580000, 0x0000000100000000)
  eden space 33280K, 100% used [0x00000000eab00000,0x00000000ecb80000,0x00000000ecb80000)
  from space 5120K, 0% used [0x00000000ed080000,0x00000000ed080000,0x00000000ed580000)
  to   space 5120K, 0% used [0x00000000ecb80000,0x00000000ecb80000,0x00000000ed080000)
 ParOldGen       total 87552K, used 0K [0x00000000c0000000, 0x00000000c5580000, 0x00000000eab00000)
  object space 87552K, 0% used [0x00000000c0000000,0x00000000c0000000,0x00000000c5580000)
 Metaspace       used 5798K, capacity 6704K, committed 6784K, reserved 1056768K
  class space    used 594K, capacity 616K, committed 640K, reserved 1048576K
Event: 11.222 GC heap after
Heap after GC invocations=1 (full 0):
 PSYoungGen      total 38400K, used 4973K [0x00000000eab00000, 0x00000000ed580000, 0x0000000100000000)
  eden space 33280K, 0% used [0x00000000eab00000,0x00000000eab00000,0x00000000ecb80000)
  from space 5120K, 97% used [0x00000000ecb80000,0x00000000ed05b7e8,0x00000000ed080000)
  to   space 5120K, 0% used [0x00000000ed080000,0x00000000ed080000,0x00000000ed580000)
 ParOldGen       total 87552K, used 16K [0x00000000c0000000, 0x00000000c5580000, 0x00000000eab00000)
  object space 87552K, 0% used [0x00000000c0000000,0x00000000c0004000,0x00000000c5580000)
 Metaspace       used 5798K, capacity 6704K, committed 6784K, reserved 1056768K
  class space    used 594K, capacity 616K, committed 640K, reserved 1048576K
}
Event: 13.366 GC heap before
{Heap before GC invocations=2 (full 0):
 PSYoungGen      total 38400K, used 38253K [0x00000000eab00000, 0x00000000ed580000, 0x0000000100000000)
  eden space 33280K, 100% used [0x00000000eab00000,0x00000000ecb80000,0x00000000ecb80000)
  from space 5120K, 97% used [0x00000000ecb80000,0x00000000ed05b7e8,0x00000000ed080000)
  to   space 5120K, 0% used [0x00000000ed080000,0x00000000ed080000,0x00000000ed580000)
 ParOldGen       total 87552K, used 16K [0x00000000c0000000, 0x00000000c5580000, 0x00000000eab00000)
  object space 87552K, 0% used [0x00000000c0000000,0x00000000c0004000,0x00000000c5580000)
 Metaspace       used 6171K, capacity 7088K, committed 7296K, reserved 1056768K
  class space    used 596K, capacity 616K, committed 640K, reserved 1048576K
Event: 13.630 GC heap after
Heap after GC invocations=2 (full 0):
 PSYoungGen      total 38400K, used 5088K [0x00000000eab00000, 0x00000000ef600000, 0x0000000100000000)
  eden space 33280K, 0% used [0x00000000eab00000,0x00000000eab00000,0x00000000ecb80000)
  from space 5120K, 99% used [0x00000000ed080000,0x00000000ed578160,0x00000000ed580000)
  to   space 5120K, 0% used [0x00000000ecb80000,0x00000000ecb80000,0x00000000ed080000)
 ParOldGen       total 87552K, used 3933K [0x00000000c0000000, 0x00000000c5580000, 0x00000000eab00000)
  object space 87552K, 4% used [0x00000000c0000000,0x00000000c03d77e8,0x00000000c5580000)
 Metaspace       used 6171K, capacity 7088K, committed 7296K, reserved 1056768K
  class space    used 596K, capacity 616K, committed 640K, reserved 1048576K
}
Event: 14.240 GC heap before
{Heap before GC invocations=3 (full 0):
 PSYoungGen      total 38400K, used 38368K [0x00000000eab00000, 0x00000000ef600000, 0x0000000100000000)
  eden space 33280K, 100% used [0x00000000eab00000,0x00000000ecb80000,0x00000000ecb80000)
  from space 5120K, 99% used [0x00000000ed080000,0x00000000ed578160,0x00000000ed580000)
  to   space 5120K, 0% used [0x00000000ecb80000,0x00000000ecb80000,0x00000000ed080000)
 ParOldGen       total 87552K, used 3933K [0x00000000c0000000, 0x00000000c5580000, 0x00000000eab00000)
  object space 87552K, 4% used [0x00000000c0000000,0x00000000c03d77e8,0x00000000c5580000)
 Metaspace       used 6208K, capacity 7088K, committed 7296K, reserved 1056768K
  class space    used 596K, capacity 616K, committed 640K, reserved 1048576K
Event: 14.308 GC heap after
Heap after GC invocations=3 (full 0):
 PSYoungGen      total 38400K, used 5119K [0x00000000eab00000, 0x00000000ef600000, 0x0000000100000000)
  eden space 33280K, 0% used [0x00000000eab00000,0x00000000eab00000,0x00000000ecb80000)
  from space 5120K, 99% used [0x00000000ecb80000,0x00000000ed07fcd0,0x00000000ed080000)
  to   space 5120K, 0% used [0x00000000ef100000,0x00000000ef100000,0x00000000ef600000)
 ParOldGen       total 87552K, used 8291K [0x00000000c0000000, 0x00000000c5580000, 0x00000000eab00000)
  object space 87552K, 9% used [0x00000000c0000000,0x00000000c0818c70,0x00000000c5580000)
 Metaspace       used 6208K, capacity 7088K, committed 7296K, reserved 1056768K
  class space    used 596K, capacity 616K, committed 640K, reserved 1048576K
}
Event: 18.536 GC heap before
{Heap before GC invocations=4 (full 0):
 PSYoungGen      total 38400K, used 38399K [0x00000000eab00000, 0x00000000ef600000, 0x0000000100000000)
  eden space 33280K, 100% used [0x00000000eab00000,0x00000000ecb80000,0x00000000ecb80000)
  from space 5120K, 99% used [0x00000000ecb80000,0x00000000ed07fcd0,0x00000000ed080000)
  to   space 5120K, 0% used [0x00000000ef100000,0x00000000ef100000,0x00000000ef600000)
 ParOldGen       total 87552K, used 8291K [0x00000000c0000000, 0x00000000c5580000, 0x00000000eab00000)
  object space 87552K, 9% used [0x00000000c0000000,0x00000000c0818c70,0x00000000c5580000)
 Metaspace       used 6234K, capacity 7088K, committed 7296K, reserved 1056768K
  class space    used 597K, capacity 616K, committed 640K, reserved 1048576K
Event: 18.599 GC heap after
Heap after GC invocations=4 (full 0):
 PSYoungGen      total 71680K, used 5115K [0x00000000eab00000, 0x00000000ef600000, 0x0000000100000000)
  eden space 66560K, 0% used [0x00000000eab00000,0x00000000eab00000,0x00000000eec00000)
  from space 5120K, 99% used [0x00000000ef100000,0x00000000ef5fef00,0x00000000ef600000)
  to   space 5120K, 0% used [0x00000000eec00000,0x00000000eec00000,0x00000000ef100000)
 ParOldGen       total 87552K, used 13158K [0x00000000c0000000, 0x00000000c5580000, 0x00000000eab00000)
  object space 87552K, 15% used [0x00000000c0000000,0x00000000c0cd9988,0x00000000c5580000)
 Metaspace       used 6234K, capacity 7088K, committed 7296K, reserved 1056768K
  class space    used 597K, capacity 616K, committed 640K, reserved 1048576K
}

Deoptimization events (10 events):
Event: 14.355 Thread 0x0000000002fad800 Uncommon trap: reason=unreached action=reinterpret pc=0x00000000037615e8 method=com.android.dx.ssa.SCCP.simulateBranch(Lcom/android/dx/ssa/SsaInsn;)V @ 132
Event: 14.355 Thread 0x00000000188f5000 Uncommon trap: reason=bimorphic action=maybe_recompile pc=0x000000000340ae90 method=java.util.HashMap.getNode(ILjava/lang/Object;)Ljava/util/HashMap$Node; @ 126
Event: 14.355 Thread 0x00000000188f5000 Uncommon trap: reason=class_check action=maybe_recompile pc=0x0000000003600d7c method=java.util.HashMap.putVal(ILjava/lang/Object;Ljava/lang/Object;ZZ)Ljava/lang/Object; @ 203
Event: 14.355 Thread 0x00000000188f5000 Uncommon trap: reason=bimorphic action=maybe_recompile pc=0x00000000034a7134 method=java.util.HashMap.getNode(ILjava/lang/Object;)Ljava/util/HashMap$Node; @ 126
Event: 14.355 Thread 0x00000000188f5000 Uncommon trap: reason=bimorphic action=maybe_recompile pc=0x00000000034a7134 method=java.util.HashMap.getNode(ILjava/lang/Object;)Ljava/util/HashMap$Node; @ 126
Event: 14.356 Thread 0x00000000188f5000 Uncommon trap: reason=class_check action=maybe_recompile pc=0x0000000003600d7c method=java.util.HashMap.putVal(ILjava/lang/Object;Ljava/lang/Object;ZZ)Ljava/lang/Object; @ 203
Event: 14.356 Thread 0x00000000188f5000 Uncommon trap: reason=bimorphic action=maybe_recompile pc=0x000000000340ae90 method=java.util.HashMap.getNode(ILjava/lang/Object;)Ljava/util/HashMap$Node; @ 126
Event: 14.358 Thread 0x0000000002fad800 Uncommon trap: reason=unreached action=reinterpret pc=0x00000000035284dc method=com.android.dx.ssa.SsaMethod.updateOneDefinition(Lcom/android/dx/ssa/SsaInsn;Lcom/android/dx/rop/code/RegisterSpec;)V @ 4
Event: 15.632 Thread 0x0000000018906800 Uncommon trap: reason=bimorphic action=maybe_recompile pc=0x000000000381d1ec method=com.android.dx.rop.code.RegisterSpec.withSimpleType()Lcom/android/dx/rop/code/RegisterSpec; @ 21
Event: 15.644 Thread 0x0000000018906800 Uncommon trap: reason=bimorphic action=maybe_recompile pc=0x000000000381d1ec method=com.android.dx.rop.code.RegisterSpec.withSimpleType()Lcom/android/dx/rop/code/RegisterSpec; @ 21

Internal exceptions (10 events):
Event: 10.530 Thread 0x00000000180bd000 Exception <a 'java/security/PrivilegedActionException'> (0x00000000ec17b208) thrown at [C:\workspace\8-2-build-windows-amd64-cygwin\jdk8u31\2394\hotspot\src\share\vm\prims\jvm.cpp, line 1312]
Event: 10.531 Thread 0x0000000002fad800 Exception <a 'java/security/PrivilegedActionException'> (0x00000000ec5e9708) thrown at [C:\workspace\8-2-build-windows-amd64-cygwin\jdk8u31\2394\hotspot\src\share\vm\prims\jvm.cpp, line 1312]
Event: 10.532 Thread 0x0000000002fad800 Exception <a 'java/security/PrivilegedActionException'> (0x00000000ec5ebe10) thrown at [C:\workspace\8-2-build-windows-amd64-cygwin\jdk8u31\2394\hotspot\src\share\vm\prims\jvm.cpp, line 1312]
Event: 10.534 Thread 0x00000000188f5000 Exception <a 'java/security/PrivilegedActionException'> (0x00000000ec582d70) thrown at [C:\workspace\8-2-build-windows-amd64-cygwin\jdk8u31\2394\hotspot\src\share\vm\prims\jvm.cpp, line 1312]
Event: 10.938 Thread 0x0000000018906800 Exception <a 'java/security/PrivilegedActionException'> (0x00000000ec6f5950) thrown at [C:\workspace\8-2-build-windows-amd64-cygwin\jdk8u31\2394\hotspot\src\share\vm\prims\jvm.cpp, line 1312]
Event: 11.131 Thread 0x0000000002fad800 Exception <a 'java/security/PrivilegedActionException'> (0x00000000ec90c4e8) thrown at [C:\workspace\8-2-build-windows-amd64-cygwin\jdk8u31\2394\hotspot\src\share\vm\prims\jvm.cpp, line 1312]
Event: 11.356 Thread 0x00000000188f5000 Implicit null exception at 0x00000000034ebda2 to 0x00000000034ebea5
Event: 11.492 Thread 0x00000000180bd000 Exception <a 'java/security/PrivilegedActionException'> (0x00000000eb42c848) thrown at [C:\workspace\8-2-build-windows-amd64-cygwin\jdk8u31\2394\hotspot\src\share\vm\prims\jvm.cpp, line 1312]
Event: 14.356 Thread 0x0000000002fad800 Exception <a 'java/security/PrivilegedActionException'> (0x00000000ead25fb0) thrown at [C:\workspace\8-2-build-windows-amd64-cygwin\jdk8u31\2394\hotspot\src\share\vm\prims\jvm.cpp, line 1312]
Event: 16.727 Thread 0x00000000188f5000 Exception <a 'java/security/PrivilegedActionException'> (0x00000000ec33d920) thrown at [C:\workspace\8-2-build-windows-amd64-cygwin\jdk8u31\2394\hotspot\src\share\vm\prims\jvm.cpp, line 1312]

Events (10 events):
Event: 15.644 Thread 0x0000000018906800 DEOPT PACKING pc=0x000000000381d1ec sp=0x00000000193be680
Event: 15.644 Thread 0x0000000018906800 DEOPT UNPACKING pc=0x00000000031f556a sp=0x00000000193be5e8 mode 2
Event: 16.727 loading class com/android/dx/rop/code/RegisterSpec$1
Event: 16.727 loading class com/android/dx/rop/code/RegisterSpec$1 done
Event: 16.765 Thread 0x00000000188f5000 DEOPT PACKING pc=0x0000000003556742 sp=0x00000000195be7d0
Event: 16.765 Thread 0x00000000188f5000 DEOPT UNPACKING pc=0x00000000031f75bf sp=0x00000000195be598 mode 0
Event: 18.513 Executing VM operation: ParallelGCFailedAllocation
Event: 18.599 Executing VM operation: ParallelGCFailedAllocation done
Event: 18.731 Thread 0x00000000188f5000 DEOPT PACKING pc=0x000000000355681f sp=0x00000000195be7d0
Event: 18.731 Thread 0x00000000188f5000 DEOPT UNPACKING pc=0x00000000031f75bf sp=0x00000000195be598 mode 0


Dynamic libraries:
0x00007ff759390000 - 0x00007ff7593c4000 	C:\Program Files\Java\jdk1.8.0_31\bin\java.exe
0x00007ff910c90000 - 0x00007ff910e51000 	C:\WINDOWS\SYSTEM32\ntdll.dll
0x00007ff90e910000 - 0x00007ff90e9bd000 	C:\WINDOWS\system32\KERNEL32.DLL
0x00007ff90dc20000 - 0x00007ff90de08000 	C:\WINDOWS\system32\KERNELBASE.dll
0x00007ff90e0a0000 - 0x00007ff90e147000 	C:\WINDOWS\system32\ADVAPI32.dll
0x00007ff90f390000 - 0x00007ff90f42d000 	C:\WINDOWS\system32\msvcrt.dll
0x00007ff90e150000 - 0x00007ff90e1ab000 	C:\WINDOWS\system32\sechost.dll
0x00007ff90e1d0000 - 0x00007ff90e2ec000 	C:\WINDOWS\system32\RPCRT4.dll
0x00007ff90e460000 - 0x00007ff90e5b6000 	C:\WINDOWS\system32\USER32.dll
0x00007ff9109a0000 - 0x00007ff910b26000 	C:\WINDOWS\system32\GDI32.dll
0x00007ff909090000 - 0x00007ff909304000 	C:\WINDOWS\WinSxS\amd64_microsoft.windows.common-controls_6595b64144ccf1df_6.0.10586.0_none_8c15ae12515e1c22\COMCTL32.dll
0x00007ff90e690000 - 0x00007ff90e90d000 	C:\WINDOWS\system32\combase.dll
0x00007ff90de10000 - 0x00007ff90de7a000 	C:\WINDOWS\system32\bcryptPrimitives.dll
0x00007ff910c50000 - 0x00007ff910c8b000 	C:\WINDOWS\system32\IMM32.DLL
0x000000006dde0000 - 0x000000006deb2000 	C:\Program Files\Java\jdk1.8.0_31\jre\bin\msvcr100.dll
0x000000006e2a0000 - 0x000000006eafa000 	C:\Program Files\Java\jdk1.8.0_31\jre\bin\server\jvm.dll
0x00007ff90e090000 - 0x00007ff90e098000 	C:\WINDOWS\system32\PSAPI.DLL
0x00007ff8fb960000 - 0x00007ff8fb969000 	C:\WINDOWS\SYSTEM32\WSOCK32.dll
0x00007ff90e620000 - 0x00007ff90e68b000 	C:\WINDOWS\system32\WS2_32.dll
0x00007ff90b9b0000 - 0x00007ff90b9d3000 	C:\WINDOWS\SYSTEM32\WINMM.dll
0x00007ff90b870000 - 0x00007ff90b89c000 	C:\WINDOWS\SYSTEM32\WINMMBASE.dll
0x00007ff90df10000 - 0x00007ff90df53000 	C:\WINDOWS\system32\cfgmgr32.dll
0x000000006e290000 - 0x000000006e29f000 	C:\Program Files\Java\jdk1.8.0_31\jre\bin\verify.dll
0x000000006e260000 - 0x000000006e288000 	C:\Program Files\Java\jdk1.8.0_31\jre\bin\java.dll
0x000000006e240000 - 0x000000006e256000 	C:\Program Files\Java\jdk1.8.0_31\jre\bin\zip.dll
0x00007ff90f430000 - 0x00007ff91098c000 	C:\WINDOWS\system32\SHELL32.dll
0x00007ff90d340000 - 0x00007ff90d984000 	C:\WINDOWS\system32\windows.storage.dll
0x00007ff90e400000 - 0x00007ff90e452000 	C:\WINDOWS\system32\shlwapi.dll
0x00007ff90d310000 - 0x00007ff90d31f000 	C:\WINDOWS\system32\kernel.appcore.dll
0x00007ff90d990000 - 0x00007ff90da45000 	C:\WINDOWS\system32\shcore.dll
0x00007ff90d2b0000 - 0x00007ff90d2fb000 	C:\WINDOWS\system32\powrprof.dll
0x00007ff90d320000 - 0x00007ff90d334000 	C:\WINDOWS\system32\profapi.dll
0x00007ff9095a0000 - 0x00007ff90972c000 	C:\WINDOWS\SYSTEM32\dbghelp.dll

VM Arguments:
jvm_args: -Djava.awt.headless=true -Xmx1024M -Dfile.encoding=x-windows-949 -Duser.country=KR -Duser.language=ko -Duser.variant 
java_command: com.android.dx.command.Main --dex --force-jumbo --num-threads=4 --multi-dex --output C:\Users\samsung\Documents\AndroidWorkSpace\MyTabLayout\app\build\intermediates\transforms\dex\debug\folders\1000\10\com.android.support-support-v4-24.0.0_77717657e45ff79c84f466de6929f4e4edfec0a4 C:\Users\samsung\Documents\AndroidWorkSpace\MyTabLayout\app\build\intermediates\exploded-aar\com.android.support\support-v4\24.0.0\jars\classes.jar
java_class_path (initial): C:\Users\samsung\AppData\Local\Android\sdk\build-tools\23.0.3\lib\dx.jar
Launcher Type: SUN_STANDARD

Environment Variables:
JAVA_HOME=C:\Program Files\Java\jdk1.8.0_31
CLASSPATH=.
PATH=C:\oraclexe\app\oracle\product\11.2.0\server\bin;;C:\ProgramData\Oracle\Java\javapath;C:\Program Files (x86)\Wizvera\Delfino;C:\Program Files (x86)\NVIDIA Corporation\PhysX\Common;C:\Program Files (x86)\Intel\iCLS Client\;C:\Program Files\Intel\iCLS Client\;C:\WINDOWS\system32;C:\WINDOWS;C:\WINDOWS\System32\Wbem;C:\WINDOWS\System32\WindowsPowerShell\v1.0\;C:\Program Files\Intel\Intel(R) Management Engine Components\DAL;C:\Program Files\Intel\Intel(R) Management Engine Components\IPT;C:\Program Files (x86)\Intel\Intel(R) Management Engine Components\DAL;C:\Program Files (x86)\Intel\Intel(R) Management Engine Components\IPT;C:\Program Files\Intel\WiFi\bin\;C:\Program Files\Common Files\Intel\WirelessCommon\;c:\Program Files (x86)\Microsoft SQL Server\100\Tools\Binn\;c:\Program Files\Microsoft SQL Server\100\Tools\Binn\;C:\Program Files\Java\jdk1.8.0_31\bin;C:\Program Files\MySQL\MySQL Server 5.5\bin;C:\Users\samsung\AppData\Local\Android\sdk\platform-tools;C:\Program Files (x86)\Windows Kits\8.1\Windows Performance Toolkit\;C:\Program Files\Microsoft SQL Server\110\Tools\Binn\;C:\Program Files\nodejs\;C:\Program Files (x86)\Heroku\bin;C:\Program Files (x86)\git\cmd;C:\Program Files (x86)\git\bin;C:\Program Files\Bandizip\7z;C:\Users\samsung\AppData\Roaming\npm;C:\Users\samsung\AppData\Local\atom\bin;C:\Users\samsung\AppData\Local\Programs\Git\cmd;C:\apache-maven-3.3.9\bin
USERNAME=samsung
OS=Windows_NT
PROCESSOR_IDENTIFIER=Intel64 Family 6 Model 60 Stepping 3, GenuineIntel



---------------  S Y S T E M  ---------------

OS: Windows 8.1 , 64 bit Build 9600 

CPU:total 8 (4 cores per cpu, 2 threads per core) family 6 model 60 stepping 3, cmov, cx8, fxsr, mmx, sse, sse2, sse3, ssse3, sse4.1, sse4.2, popcnt, avx, avx2, aes, clmul, erms, lzcnt, ht, tsc, tscinvbit, bmi1, bmi2

Memory: 4k page, physical 8300920k(1673984k free), swap 8300920k(5272k free)

vm_info: Java HotSpot(TM) 64-Bit Server VM (25.31-b07) for windows-amd64 JRE (1.8.0_31-b13), built on Dec 17 2014 21:00:28 by "java_re" with MS VC++ 10.0 (VS2010)

time: Thu Jun 23 21:56:34 2016
elapsed time: 20 seconds (0d 0h 0m 20s)

